<?xml version="1.0" encoding="UTF-8"?>
<testsuite name="features.TestRunner" tests="2" skipped="0" failures="0" errors="0" timestamp="2023-07-17T04:01:02" hostname="NITHINPN" time="17.868">
  <properties/>
  <testcase name="[1:7] login practicetestautomation page demo case" classname="features.TestRunner" time="10.845"/>
  <testcase name="[1:4] testing ui automation" classname="features.TestRunner" time="7.02"/>
  <system-out><![CDATA[09:31:02.773 [Test worker] DEBUG com.jayway.jsonpath.internal.path.CompiledPath - Evaluating path: $
09:31:02.801 [Test worker] DEBUG com.intuit.karate.shell.Command - found / verified free local port: 9222
09:31:02.803 [chrome_1689566462788] DEBUG com.intuit.karate.driver.chrome_1689566462788 - command: [C:\Program Files\Google\Chrome\Application\chrome.exe, --remote-debugging-port=9222, --remote-allow-origins=*, --no-first-run, --user-data-dir=C:\Intellij projects\git-actions\build\chrome_1689566462788, --disable-popup-blocking, --remote-allow-origins=*], working dir: build\chrome_1689566462788
09:31:02.808 [Test worker] DEBUG com.intuit.karate.driver.chrome_1689566462788 - poll attempt #0 for port to be ready - localhost:9222
09:31:02.992 [chrome_1689566462788-out] DEBUG com.intuit.karate.driver.chrome_1689566462788 - 
09:31:02.992 [chrome_1689566462788-out] DEBUG com.intuit.karate.driver.chrome_1689566462788 - DevTools listening on ws://127.0.0.1:9222/devtools/browser/0a04b4d0-0fd0-4724-b692-51f1858a2ca2
09:31:03.066 [Test worker] DEBUG com.intuit.karate.driver.chrome_1689566462788 - poll attempt #1 for port to be ready - localhost:9222
09:31:03.536 [Test worker] DEBUG org.apache.http.client.protocol.RequestAddCookies - CookieSpec selected: karate
09:31:03.544 [Test worker] DEBUG org.apache.http.client.protocol.RequestAuthCache - Auth cache not set in the context
09:31:03.548 [Test worker] DEBUG com.intuit.karate - request:
1 > GET http://localhost:9222/json
1 > Host: localhost:9222
1 > Connection: Keep-Alive
1 > User-Agent: Apache-HttpClient/4.5.14 (Java/11.0.16.1)
1 > Accept-Encoding: gzip,deflate


09:31:03.550 [Test worker] DEBUG org.apache.http.impl.conn.PoolingHttpClientConnectionManager - Connection request: [route: {}->http://localhost:9222][total available: 0; route allocated: 0 of 5; total allocated: 0 of 10]
09:31:03.568 [Test worker] DEBUG org.apache.http.impl.conn.PoolingHttpClientConnectionManager - Connection leased: [id: 0][route: {}->http://localhost:9222][total available: 0; route allocated: 1 of 5; total allocated: 1 of 10]
09:31:03.569 [Test worker] DEBUG org.apache.http.impl.execchain.MainClientExec - Opening connection {}->http://localhost:9222
09:31:03.571 [Test worker] DEBUG org.apache.http.impl.conn.DefaultHttpClientConnectionOperator - Connecting to localhost/127.0.0.1:9222
09:31:03.572 [Test worker] DEBUG org.apache.http.impl.conn.DefaultHttpClientConnectionOperator - Connection established 127.0.0.1:54707<->127.0.0.1:9222
09:31:03.573 [Test worker] DEBUG org.apache.http.impl.conn.DefaultManagedHttpClientConnection - http-outgoing-0: set socket timeout to 30000
09:31:03.573 [Test worker] DEBUG org.apache.http.impl.execchain.MainClientExec - Executing request GET /json HTTP/1.1
09:31:03.573 [Test worker] DEBUG org.apache.http.impl.execchain.MainClientExec - Target auth state: UNCHALLENGED
09:31:03.573 [Test worker] DEBUG org.apache.http.impl.execchain.MainClientExec - Proxy auth state: UNCHALLENGED
09:31:03.575 [Test worker] DEBUG org.apache.http.headers - http-outgoing-0 >> GET /json HTTP/1.1
09:31:03.575 [Test worker] DEBUG org.apache.http.headers - http-outgoing-0 >> Host: localhost:9222
09:31:03.575 [Test worker] DEBUG org.apache.http.headers - http-outgoing-0 >> Connection: Keep-Alive
09:31:03.575 [Test worker] DEBUG org.apache.http.headers - http-outgoing-0 >> User-Agent: Apache-HttpClient/4.5.14 (Java/11.0.16.1)
09:31:03.575 [Test worker] DEBUG org.apache.http.headers - http-outgoing-0 >> Accept-Encoding: gzip,deflate
09:31:03.576 [Test worker] DEBUG org.apache.http.wire - http-outgoing-0 >> "GET /json HTTP/1.1[\r][\n]"
09:31:03.576 [Test worker] DEBUG org.apache.http.wire - http-outgoing-0 >> "Host: localhost:9222[\r][\n]"
09:31:03.576 [Test worker] DEBUG org.apache.http.wire - http-outgoing-0 >> "Connection: Keep-Alive[\r][\n]"
09:31:03.576 [Test worker] DEBUG org.apache.http.wire - http-outgoing-0 >> "User-Agent: Apache-HttpClient/4.5.14 (Java/11.0.16.1)[\r][\n]"
09:31:03.576 [Test worker] DEBUG org.apache.http.wire - http-outgoing-0 >> "Accept-Encoding: gzip,deflate[\r][\n]"
09:31:03.576 [Test worker] DEBUG org.apache.http.wire - http-outgoing-0 >> "[\r][\n]"
09:31:03.577 [Test worker] DEBUG org.apache.http.wire - http-outgoing-0 << "HTTP/1.1 200 OK[\r][\n]"
09:31:03.577 [Test worker] DEBUG org.apache.http.wire - http-outgoing-0 << "Content-Security-Policy:frame-ancestors 'none'[\r][\n]"
09:31:03.577 [Test worker] DEBUG org.apache.http.wire - http-outgoing-0 << "Content-Length:1278[\r][\n]"
09:31:03.577 [Test worker] DEBUG org.apache.http.wire - http-outgoing-0 << "Content-Type:application/json; charset=UTF-8[\r][\n]"
09:31:03.577 [Test worker] DEBUG org.apache.http.wire - http-outgoing-0 << "[\r][\n]"
09:31:03.577 [Test worker] DEBUG org.apache.http.wire - http-outgoing-0 << "[ {[\r][\n]"
09:31:03.577 [Test worker] DEBUG org.apache.http.wire - http-outgoing-0 << "   "description": "",[\r][\n]"
09:31:03.578 [Test worker] DEBUG org.apache.http.wire - http-outgoing-0 << "   "devtoolsFrontendUrl": "/devtools/inspector.html?ws=localhost:9222/devtools/page/0AE96E7847A78EB2491507051ADA5CD8",[\r][\n]"
09:31:03.578 [Test worker] DEBUG org.apache.http.wire - http-outgoing-0 << "   "id": "0AE96E7847A78EB2491507051ADA5CD8",[\r][\n]"
09:31:03.578 [Test worker] DEBUG org.apache.http.wire - http-outgoing-0 << "   "title": "Google Network Speech",[\r][\n]"
09:31:03.578 [Test worker] DEBUG org.apache.http.wire - http-outgoing-0 << "   "type": "background_page",[\r][\n]"
09:31:03.578 [Test worker] DEBUG org.apache.http.wire - http-outgoing-0 << "   "url": "chrome-extension://neajdppkdcdipfabeoofebfddakdcjhd/_generated_background_page.html",[\r][\n]"
09:31:03.578 [Test worker] DEBUG org.apache.http.wire - http-outgoing-0 << "   "webSocketDebuggerUrl": "ws://localhost:9222/devtools/page/0AE96E7847A78EB2491507051ADA5CD8"[\r][\n]"
09:31:03.578 [Test worker] DEBUG org.apache.http.wire - http-outgoing-0 << "}, {[\r][\n]"
09:31:03.578 [Test worker] DEBUG org.apache.http.wire - http-outgoing-0 << "   "description": "",[\r][\n]"
09:31:03.578 [Test worker] DEBUG org.apache.http.wire - http-outgoing-0 << "   "devtoolsFrontendUrl": "/devtools/inspector.html?ws=localhost:9222/devtools/page/CFEDE0E15A62C1C0FDD3E0DD78FEEFC8",[\r][\n]"
09:31:03.578 [Test worker] DEBUG org.apache.http.wire - http-outgoing-0 << "   "id": "CFEDE0E15A62C1C0FDD3E0DD78FEEFC8",[\r][\n]"
09:31:03.578 [Test worker] DEBUG org.apache.http.wire - http-outgoing-0 << "   "title": "Google Hangouts",[\r][\n]"
09:31:03.578 [Test worker] DEBUG org.apache.http.wire - http-outgoing-0 << "   "type": "background_page",[\r][\n]"
09:31:03.579 [Test worker] DEBUG org.apache.http.wire - http-outgoing-0 << "   "url": "chrome-extension://nkeimhogjdpnpccoofpliimaahmaaome/background.html",[\r][\n]"
09:31:03.579 [Test worker] DEBUG org.apache.http.wire - http-outgoing-0 << "   "webSocketDebuggerUrl": "ws://localhost:9222/devtools/page/CFEDE0E15A62C1C0FDD3E0DD78FEEFC8"[\r][\n]"
09:31:03.579 [Test worker] DEBUG org.apache.http.wire - http-outgoing-0 << "}, {[\r][\n]"
09:31:03.579 [Test worker] DEBUG org.apache.http.wire - http-outgoing-0 << "   "description": "",[\r][\n]"
09:31:03.579 [Test worker] DEBUG org.apache.http.wire - http-outgoing-0 << "   "devtoolsFrontendUrl": "/devtools/inspector.html?ws=localhost:9222/devtools/page/A50641084A8A3045F96F34C59356E0BE",[\r][\n]"
09:31:03.579 [Test worker] DEBUG org.apache.http.wire - http-outgoing-0 << "   "id": "A50641084A8A3045F96F34C59356E0BE",[\r][\n]"
09:31:03.579 [Test worker] DEBUG org.apache.http.wire - http-outgoing-0 << "   "title": "Welcome to Chrome",[\r][\n]"
09:31:03.579 [Test worker] DEBUG org.apache.http.wire - http-outgoing-0 << "   "type": "page",[\r][\n]"
09:31:03.579 [Test worker] DEBUG org.apache.http.wire - http-outgoing-0 << "   "url": "chrome://welcome/",[\r][\n]"
09:31:03.579 [Test worker] DEBUG org.apache.http.wire - http-outgoing-0 << "   "webSocketDebuggerUrl": "ws://localhost:9222/devtools/page/A50641084A8A3045F96F34C59356E0BE"[\r][\n]"
09:31:03.579 [Test worker] DEBUG org.apache.http.wire - http-outgoing-0 << "} ][\r][\n]"
09:31:03.584 [Test worker] DEBUG org.apache.http.headers - http-outgoing-0 << HTTP/1.1 200 OK
09:31:03.585 [Test worker] DEBUG org.apache.http.headers - http-outgoing-0 << Content-Security-Policy:frame-ancestors 'none'
09:31:03.585 [Test worker] DEBUG org.apache.http.headers - http-outgoing-0 << Content-Length:1278
09:31:03.585 [Test worker] DEBUG org.apache.http.headers - http-outgoing-0 << Content-Type:application/json; charset=UTF-8
09:31:03.590 [Test worker] DEBUG org.apache.http.impl.execchain.MainClientExec - Connection can be kept alive indefinitely
09:31:03.593 [Test worker] DEBUG org.apache.http.impl.conn.PoolingHttpClientConnectionManager - Connection [id: 0][route: {}->http://localhost:9222] can be kept alive indefinitely
09:31:03.593 [Test worker] DEBUG org.apache.http.impl.conn.DefaultManagedHttpClientConnection - http-outgoing-0: set socket timeout to 0
09:31:03.593 [Test worker] DEBUG org.apache.http.impl.conn.PoolingHttpClientConnectionManager - Connection released: [id: 0][route: {}->http://localhost:9222][total available: 1; route allocated: 1 of 5; total allocated: 1 of 10]
09:31:03.594 [Test worker] DEBUG org.apache.http.impl.conn.PoolingHttpClientConnectionManager - Connection manager is shutting down
09:31:03.594 [Test worker] DEBUG org.apache.http.impl.conn.DefaultManagedHttpClientConnection - http-outgoing-0: Close connection
09:31:03.595 [Test worker] DEBUG org.apache.http.impl.conn.PoolingHttpClientConnectionManager - Connection manager shut down
09:31:03.597 [Test worker] DEBUG com.intuit.karate - response time in milliseconds: 46
1 < 200
1 < Content-Security-Policy: frame-ancestors 'none'
1 < Content-Length: 1278
1 < Content-Type: application/json; charset=UTF-8
[ {
   "description": "",
   "devtoolsFrontendUrl": "/devtools/inspector.html?ws=localhost:9222/devtools/page/0AE96E7847A78EB2491507051ADA5CD8",
   "id": "0AE96E7847A78EB2491507051ADA5CD8",
   "title": "Google Network Speech",
   "type": "background_page",
   "url": "chrome-extension://neajdppkdcdipfabeoofebfddakdcjhd/_generated_background_page.html",
   "webSocketDebuggerUrl": "ws://localhost:9222/devtools/page/0AE96E7847A78EB2491507051ADA5CD8"
}, {
   "description": "",
   "devtoolsFrontendUrl": "/devtools/inspector.html?ws=localhost:9222/devtools/page/CFEDE0E15A62C1C0FDD3E0DD78FEEFC8",
   "id": "CFEDE0E15A62C1C0FDD3E0DD78FEEFC8",
   "title": "Google Hangouts",
   "type": "background_page",
   "url": "chrome-extension://nkeimhogjdpnpccoofpliimaahmaaome/background.html",
   "webSocketDebuggerUrl": "ws://localhost:9222/devtools/page/CFEDE0E15A62C1C0FDD3E0DD78FEEFC8"
}, {
   "description": "",
   "devtoolsFrontendUrl": "/devtools/inspector.html?ws=localhost:9222/devtools/page/A50641084A8A3045F96F34C59356E0BE",
   "id": "A50641084A8A3045F96F34C59356E0BE",
   "title": "Welcome to Chrome",
   "type": "page",
   "url": "chrome://welcome/",
   "webSocketDebuggerUrl": "ws://localhost:9222/devtools/page/A50641084A8A3045F96F34C59356E0BE"
} ]


09:31:03.608 [Test worker] DEBUG com.jayway.jsonpath.internal.path.CompiledPath - Evaluating path: $
09:31:03.609 [Test worker] DEBUG com.intuit.karate.shell.Command - ready to accept http connections after 489 ms - http://localhost:9222/json
09:31:03.610 [Test worker] DEBUG org.apache.http.client.protocol.RequestAddCookies - CookieSpec selected: karate
09:31:03.610 [Test worker] DEBUG org.apache.http.client.protocol.RequestAuthCache - Auth cache not set in the context
09:31:03.610 [Test worker] DEBUG com.intuit.karate - request:
1 > GET http://localhost:9222/json
1 > Host: localhost:9222
1 > Connection: Keep-Alive
1 > User-Agent: Apache-HttpClient/4.5.14 (Java/11.0.16.1)
1 > Accept-Encoding: gzip,deflate


09:31:03.611 [Test worker] DEBUG org.apache.http.impl.conn.PoolingHttpClientConnectionManager - Connection request: [route: {}->http://localhost:9222][total available: 0; route allocated: 0 of 5; total allocated: 0 of 10]
09:31:03.611 [Test worker] DEBUG org.apache.http.impl.conn.PoolingHttpClientConnectionManager - Connection leased: [id: 1][route: {}->http://localhost:9222][total available: 0; route allocated: 1 of 5; total allocated: 1 of 10]
09:31:03.611 [Test worker] DEBUG org.apache.http.impl.execchain.MainClientExec - Opening connection {}->http://localhost:9222
09:31:03.611 [Test worker] DEBUG org.apache.http.impl.conn.DefaultHttpClientConnectionOperator - Connecting to localhost/127.0.0.1:9222
09:31:03.612 [Test worker] DEBUG org.apache.http.impl.conn.DefaultHttpClientConnectionOperator - Connection established 127.0.0.1:54708<->127.0.0.1:9222
09:31:03.612 [Test worker] DEBUG org.apache.http.impl.conn.DefaultManagedHttpClientConnection - http-outgoing-1: set socket timeout to 30000
09:31:03.612 [Test worker] DEBUG org.apache.http.impl.execchain.MainClientExec - Executing request GET /json HTTP/1.1
09:31:03.612 [Test worker] DEBUG org.apache.http.impl.execchain.MainClientExec - Target auth state: UNCHALLENGED
09:31:03.612 [Test worker] DEBUG org.apache.http.impl.execchain.MainClientExec - Proxy auth state: UNCHALLENGED
09:31:03.613 [Test worker] DEBUG org.apache.http.headers - http-outgoing-1 >> GET /json HTTP/1.1
09:31:03.613 [Test worker] DEBUG org.apache.http.headers - http-outgoing-1 >> Host: localhost:9222
09:31:03.613 [Test worker] DEBUG org.apache.http.headers - http-outgoing-1 >> Connection: Keep-Alive
09:31:03.613 [Test worker] DEBUG org.apache.http.headers - http-outgoing-1 >> User-Agent: Apache-HttpClient/4.5.14 (Java/11.0.16.1)
09:31:03.613 [Test worker] DEBUG org.apache.http.headers - http-outgoing-1 >> Accept-Encoding: gzip,deflate
09:31:03.613 [Test worker] DEBUG org.apache.http.wire - http-outgoing-1 >> "GET /json HTTP/1.1[\r][\n]"
09:31:03.613 [Test worker] DEBUG org.apache.http.wire - http-outgoing-1 >> "Host: localhost:9222[\r][\n]"
09:31:03.613 [Test worker] DEBUG org.apache.http.wire - http-outgoing-1 >> "Connection: Keep-Alive[\r][\n]"
09:31:03.614 [Test worker] DEBUG org.apache.http.wire - http-outgoing-1 >> "User-Agent: Apache-HttpClient/4.5.14 (Java/11.0.16.1)[\r][\n]"
09:31:03.614 [Test worker] DEBUG org.apache.http.wire - http-outgoing-1 >> "Accept-Encoding: gzip,deflate[\r][\n]"
09:31:03.614 [Test worker] DEBUG org.apache.http.wire - http-outgoing-1 >> "[\r][\n]"
09:31:03.614 [Test worker] DEBUG org.apache.http.wire - http-outgoing-1 << "HTTP/1.1 200 OK[\r][\n]"
09:31:03.614 [Test worker] DEBUG org.apache.http.wire - http-outgoing-1 << "Content-Security-Policy:frame-ancestors 'none'[\r][\n]"
09:31:03.614 [Test worker] DEBUG org.apache.http.wire - http-outgoing-1 << "Content-Length:1278[\r][\n]"
09:31:03.614 [Test worker] DEBUG org.apache.http.wire - http-outgoing-1 << "Content-Type:application/json; charset=UTF-8[\r][\n]"
09:31:03.614 [Test worker] DEBUG org.apache.http.wire - http-outgoing-1 << "[\r][\n]"
09:31:03.615 [Test worker] DEBUG org.apache.http.wire - http-outgoing-1 << "[ {[\r][\n]"
09:31:03.615 [Test worker] DEBUG org.apache.http.wire - http-outgoing-1 << "   "description": "",[\r][\n]"
09:31:03.615 [Test worker] DEBUG org.apache.http.wire - http-outgoing-1 << "   "devtoolsFrontendUrl": "/devtools/inspector.html?ws=localhost:9222/devtools/page/0AE96E7847A78EB2491507051ADA5CD8",[\r][\n]"
09:31:03.615 [Test worker] DEBUG org.apache.http.wire - http-outgoing-1 << "   "id": "0AE96E7847A78EB2491507051ADA5CD8",[\r][\n]"
09:31:03.615 [Test worker] DEBUG org.apache.http.wire - http-outgoing-1 << "   "title": "Google Network Speech",[\r][\n]"
09:31:03.615 [Test worker] DEBUG org.apache.http.wire - http-outgoing-1 << "   "type": "background_page",[\r][\n]"
09:31:03.615 [Test worker] DEBUG org.apache.http.wire - http-outgoing-1 << "   "url": "chrome-extension://neajdppkdcdipfabeoofebfddakdcjhd/_generated_background_page.html",[\r][\n]"
09:31:03.615 [Test worker] DEBUG org.apache.http.wire - http-outgoing-1 << "   "webSocketDebuggerUrl": "ws://localhost:9222/devtools/page/0AE96E7847A78EB2491507051ADA5CD8"[\r][\n]"
09:31:03.615 [Test worker] DEBUG org.apache.http.wire - http-outgoing-1 << "}, {[\r][\n]"
09:31:03.615 [Test worker] DEBUG org.apache.http.wire - http-outgoing-1 << "   "description": "",[\r][\n]"
09:31:03.616 [Test worker] DEBUG org.apache.http.wire - http-outgoing-1 << "   "devtoolsFrontendUrl": "/devtools/inspector.html?ws=localhost:9222/devtools/page/CFEDE0E15A62C1C0FDD3E0DD78FEEFC8",[\r][\n]"
09:31:03.616 [Test worker] DEBUG org.apache.http.wire - http-outgoing-1 << "   "id": "CFEDE0E15A62C1C0FDD3E0DD78FEEFC8",[\r][\n]"
09:31:03.616 [Test worker] DEBUG org.apache.http.wire - http-outgoing-1 << "   "title": "Google Hangouts",[\r][\n]"
09:31:03.616 [Test worker] DEBUG org.apache.http.wire - http-outgoing-1 << "   "type": "background_page",[\r][\n]"
09:31:03.616 [Test worker] DEBUG org.apache.http.wire - http-outgoing-1 << "   "url": "chrome-extension://nkeimhogjdpnpccoofpliimaahmaaome/background.html",[\r][\n]"
09:31:03.616 [Test worker] DEBUG org.apache.http.wire - http-outgoing-1 << "   "webSocketDebuggerUrl": "ws://localhost:9222/devtools/page/CFEDE0E15A62C1C0FDD3E0DD78FEEFC8"[\r][\n]"
09:31:03.616 [Test worker] DEBUG org.apache.http.wire - http-outgoing-1 << "}, {[\r][\n]"
09:31:03.616 [Test worker] DEBUG org.apache.http.wire - http-outgoing-1 << "   "description": "",[\r][\n]"
09:31:03.616 [Test worker] DEBUG org.apache.http.wire - http-outgoing-1 << "   "devtoolsFrontendUrl": "/devtools/inspector.html?ws=localhost:9222/devtools/page/A50641084A8A3045F96F34C59356E0BE",[\r][\n]"
09:31:03.616 [Test worker] DEBUG org.apache.http.wire - http-outgoing-1 << "   "id": "A50641084A8A3045F96F34C59356E0BE",[\r][\n]"
09:31:03.616 [Test worker] DEBUG org.apache.http.wire - http-outgoing-1 << "   "title": "Welcome to Chrome",[\r][\n]"
09:31:03.616 [Test worker] DEBUG org.apache.http.wire - http-outgoing-1 << "   "type": "page",[\r][\n]"
09:31:03.616 [Test worker] DEBUG org.apache.http.wire - http-outgoing-1 << "   "url": "chrome://welcome/",[\r][\n]"
09:31:03.616 [Test worker] DEBUG org.apache.http.wire - http-outgoing-1 << "   "webSocketDebuggerUrl": "ws://localhost:9222/devtools/page/A50641084A8A3045F96F34C59356E0BE"[\r][\n]"
09:31:03.616 [Test worker] DEBUG org.apache.http.wire - http-outgoing-1 << "} ][\r][\n]"
09:31:03.617 [Test worker] DEBUG org.apache.http.headers - http-outgoing-1 << HTTP/1.1 200 OK
09:31:03.617 [Test worker] DEBUG org.apache.http.headers - http-outgoing-1 << Content-Security-Policy:frame-ancestors 'none'
09:31:03.617 [Test worker] DEBUG org.apache.http.headers - http-outgoing-1 << Content-Length:1278
09:31:03.617 [Test worker] DEBUG org.apache.http.headers - http-outgoing-1 << Content-Type:application/json; charset=UTF-8
09:31:03.617 [Test worker] DEBUG org.apache.http.impl.execchain.MainClientExec - Connection can be kept alive indefinitely
09:31:03.617 [Test worker] DEBUG org.apache.http.impl.conn.PoolingHttpClientConnectionManager - Connection [id: 1][route: {}->http://localhost:9222] can be kept alive indefinitely
09:31:03.617 [Test worker] DEBUG org.apache.http.impl.conn.DefaultManagedHttpClientConnection - http-outgoing-1: set socket timeout to 0
09:31:03.617 [Test worker] DEBUG org.apache.http.impl.conn.PoolingHttpClientConnectionManager - Connection released: [id: 1][route: {}->http://localhost:9222][total available: 1; route allocated: 1 of 5; total allocated: 1 of 10]
09:31:03.617 [Test worker] DEBUG org.apache.http.impl.conn.PoolingHttpClientConnectionManager - Connection manager is shutting down
09:31:03.617 [Test worker] DEBUG org.apache.http.impl.conn.DefaultManagedHttpClientConnection - http-outgoing-1: Close connection
09:31:03.618 [Test worker] DEBUG org.apache.http.impl.conn.PoolingHttpClientConnectionManager - Connection manager shut down
09:31:03.618 [Test worker] DEBUG com.intuit.karate - response time in milliseconds: 6
1 < 200
1 < Content-Security-Policy: frame-ancestors 'none'
1 < Content-Length: 1278
1 < Content-Type: application/json; charset=UTF-8
[ {
   "description": "",
   "devtoolsFrontendUrl": "/devtools/inspector.html?ws=localhost:9222/devtools/page/0AE96E7847A78EB2491507051ADA5CD8",
   "id": "0AE96E7847A78EB2491507051ADA5CD8",
   "title": "Google Network Speech",
   "type": "background_page",
   "url": "chrome-extension://neajdppkdcdipfabeoofebfddakdcjhd/_generated_background_page.html",
   "webSocketDebuggerUrl": "ws://localhost:9222/devtools/page/0AE96E7847A78EB2491507051ADA5CD8"
}, {
   "description": "",
   "devtoolsFrontendUrl": "/devtools/inspector.html?ws=localhost:9222/devtools/page/CFEDE0E15A62C1C0FDD3E0DD78FEEFC8",
   "id": "CFEDE0E15A62C1C0FDD3E0DD78FEEFC8",
   "title": "Google Hangouts",
   "type": "background_page",
   "url": "chrome-extension://nkeimhogjdpnpccoofpliimaahmaaome/background.html",
   "webSocketDebuggerUrl": "ws://localhost:9222/devtools/page/CFEDE0E15A62C1C0FDD3E0DD78FEEFC8"
}, {
   "description": "",
   "devtoolsFrontendUrl": "/devtools/inspector.html?ws=localhost:9222/devtools/page/A50641084A8A3045F96F34C59356E0BE",
   "id": "A50641084A8A3045F96F34C59356E0BE",
   "title": "Welcome to Chrome",
   "type": "page",
   "url": "chrome://welcome/",
   "webSocketDebuggerUrl": "ws://localhost:9222/devtools/page/A50641084A8A3045F96F34C59356E0BE"
} ]


09:31:03.620 [Test worker] DEBUG com.jayway.jsonpath.internal.path.CompiledPath - Evaluating path: $
09:31:03.621 [Test worker] DEBUG com.jayway.jsonpath.internal.path.CompiledPath - Evaluating path: $
09:31:03.624 [Test worker] DEBUG com.intuit.karate.driver.chrome_1689566462788 - root frame id: A50641084A8A3045F96F34C59356E0BE
09:31:03.641 [Test worker] DEBUG io.netty.util.internal.logging.InternalLoggerFactory - Using SLF4J as the default logging framework
09:31:03.643 [Test worker] DEBUG io.netty.channel.MultithreadEventLoopGroup - -Dio.netty.eventLoopThreads: 16
09:31:03.664 [Test worker] DEBUG io.netty.util.internal.InternalThreadLocalMap - -Dio.netty.threadLocalMap.stringBuilder.initialSize: 1024
09:31:03.665 [Test worker] DEBUG io.netty.util.internal.InternalThreadLocalMap - -Dio.netty.threadLocalMap.stringBuilder.maxSize: 4096
09:31:03.695 [Test worker] DEBUG io.netty.util.internal.PlatformDependent0 - -Dio.netty.noUnsafe: false
09:31:03.695 [Test worker] DEBUG io.netty.util.internal.PlatformDependent0 - Java version: 11
09:31:03.697 [Test worker] DEBUG io.netty.util.internal.PlatformDependent0 - sun.misc.Unsafe.theUnsafe: available
09:31:03.698 [Test worker] DEBUG io.netty.util.internal.PlatformDependent0 - sun.misc.Unsafe.copyMemory: available
09:31:03.699 [Test worker] DEBUG io.netty.util.internal.PlatformDependent0 - sun.misc.Unsafe.storeFence: available
09:31:03.700 [Test worker] DEBUG io.netty.util.internal.PlatformDependent0 - java.nio.Buffer.address: available
09:31:03.701 [Test worker] DEBUG io.netty.util.internal.PlatformDependent0 - direct buffer constructor: unavailable: Reflective setAccessible(true) disabled
09:31:03.702 [Test worker] DEBUG io.netty.util.internal.PlatformDependent0 - java.nio.Bits.unaligned: available, true
09:31:03.703 [Test worker] DEBUG io.netty.util.internal.PlatformDependent0 - jdk.internal.misc.Unsafe.allocateUninitializedArray(int): unavailable: class io.netty.util.internal.PlatformDependent0$7 cannot access class jdk.internal.misc.Unsafe (in module java.base) because module java.base does not export jdk.internal.misc to unnamed module @485e36bc
09:31:03.705 [Test worker] DEBUG io.netty.util.internal.PlatformDependent0 - java.nio.DirectByteBuffer.<init>(long, int): unavailable
09:31:03.705 [Test worker] DEBUG io.netty.util.internal.PlatformDependent - sun.misc.Unsafe: available
09:31:03.721 [Test worker] DEBUG io.netty.util.internal.PlatformDependent - maxDirectMemory: 536870912 bytes (maybe)
09:31:03.722 [Test worker] DEBUG io.netty.util.internal.PlatformDependent - -Dio.netty.tmpdir: C:\Users\nithi\AppData\Local\Temp (java.io.tmpdir)
09:31:03.722 [Test worker] DEBUG io.netty.util.internal.PlatformDependent - -Dio.netty.bitMode: 64 (sun.arch.data.model)
09:31:03.723 [Test worker] DEBUG io.netty.util.internal.PlatformDependent - Platform: Windows
09:31:03.724 [Test worker] DEBUG io.netty.util.internal.PlatformDependent - -Dio.netty.maxDirectMemory: -1 bytes
09:31:03.725 [Test worker] DEBUG io.netty.util.internal.PlatformDependent - -Dio.netty.uninitializedArrayAllocationThreshold: -1
09:31:03.727 [Test worker] DEBUG io.netty.util.internal.CleanerJava9 - java.nio.ByteBuffer.cleaner(): available
09:31:03.727 [Test worker] DEBUG io.netty.util.internal.PlatformDependent - -Dio.netty.noPreferDirect: false
09:31:03.729 [Test worker] DEBUG io.netty.channel.nio.NioEventLoop - -Dio.netty.noKeySetOptimization: false
09:31:03.729 [Test worker] DEBUG io.netty.channel.nio.NioEventLoop - -Dio.netty.selectorAutoRebuildThreshold: 512
09:31:03.740 [Test worker] DEBUG io.netty.util.internal.PlatformDependent - org.jctools-core.MpscChunkedArrayQueue: available
09:31:03.793 [Test worker] DEBUG io.netty.channel.DefaultChannelId - -Dio.netty.processId: 17360 (auto-detected)
09:31:03.797 [Test worker] DEBUG io.netty.util.NetUtil - -Djava.net.preferIPv4Stack: false
09:31:03.797 [Test worker] DEBUG io.netty.util.NetUtil - -Djava.net.preferIPv6Addresses: false
09:31:03.895 [Test worker] DEBUG io.netty.util.NetUtilInitializations - Loopback interface: lo (Software Loopback Interface 1, 127.0.0.1)
09:31:03.896 [Test worker] DEBUG io.netty.util.NetUtil - Failed to get SOMAXCONN from sysctl and file \proc\sys\net\core\somaxconn. Default: 200
09:31:03.901 [Test worker] DEBUG io.netty.channel.DefaultChannelId - -Dio.netty.machineId: 00:45:e2:ff:fe:75:d0:c1 (auto-detected)
09:31:03.913 [Test worker] DEBUG io.netty.util.ResourceLeakDetector - -Dio.netty.leakDetection.level: simple
09:31:03.913 [Test worker] DEBUG io.netty.util.ResourceLeakDetector - -Dio.netty.leakDetection.targetRecords: 4
09:31:03.938 [Test worker] DEBUG io.netty.buffer.PooledByteBufAllocator - -Dio.netty.allocator.numHeapArenas: 16
09:31:03.938 [Test worker] DEBUG io.netty.buffer.PooledByteBufAllocator - -Dio.netty.allocator.numDirectArenas: 16
09:31:03.938 [Test worker] DEBUG io.netty.buffer.PooledByteBufAllocator - -Dio.netty.allocator.pageSize: 8192
09:31:03.938 [Test worker] DEBUG io.netty.buffer.PooledByteBufAllocator - -Dio.netty.allocator.maxOrder: 9
09:31:03.939 [Test worker] DEBUG io.netty.buffer.PooledByteBufAllocator - -Dio.netty.allocator.chunkSize: 4194304
09:31:03.939 [Test worker] DEBUG io.netty.buffer.PooledByteBufAllocator - -Dio.netty.allocator.smallCacheSize: 256
09:31:03.939 [Test worker] DEBUG io.netty.buffer.PooledByteBufAllocator - -Dio.netty.allocator.normalCacheSize: 64
09:31:03.939 [Test worker] DEBUG io.netty.buffer.PooledByteBufAllocator - -Dio.netty.allocator.maxCachedBufferCapacity: 32768
09:31:03.939 [Test worker] DEBUG io.netty.buffer.PooledByteBufAllocator - -Dio.netty.allocator.cacheTrimInterval: 8192
09:31:03.939 [Test worker] DEBUG io.netty.buffer.PooledByteBufAllocator - -Dio.netty.allocator.cacheTrimIntervalMillis: 0
09:31:03.939 [Test worker] DEBUG io.netty.buffer.PooledByteBufAllocator - -Dio.netty.allocator.useCacheForAllThreads: false
09:31:03.939 [Test worker] DEBUG io.netty.buffer.PooledByteBufAllocator - -Dio.netty.allocator.maxCachedByteBuffersPerChunk: 1023
09:31:03.951 [Test worker] DEBUG io.netty.buffer.ByteBufUtil - -Dio.netty.allocator.type: pooled
09:31:03.951 [Test worker] DEBUG io.netty.buffer.ByteBufUtil - -Dio.netty.threadLocalDirectBufferSize: 0
09:31:03.951 [Test worker] DEBUG io.netty.buffer.ByteBufUtil - -Dio.netty.maxThreadLocalCharBufferSize: 16384
09:31:03.995 [nioEventLoopGroup-2-1] DEBUG io.netty.buffer.AbstractByteBuf - -Dio.netty.buffer.checkAccessible: true
09:31:03.995 [nioEventLoopGroup-2-1] DEBUG io.netty.buffer.AbstractByteBuf - -Dio.netty.buffer.checkBounds: true
09:31:03.998 [nioEventLoopGroup-2-1] DEBUG io.netty.util.ResourceLeakDetectorFactory - Loaded default ResourceLeakDetector: io.netty.util.ResourceLeakDetector@6f32326b
09:31:04.018 [nioEventLoopGroup-2-1] DEBUG io.netty.handler.codec.compression.ZlibCodecFactory - -Dio.netty.noJdkZlibDecoder: false
09:31:04.018 [nioEventLoopGroup-2-1] DEBUG io.netty.handler.codec.compression.ZlibCodecFactory - -Dio.netty.noJdkZlibEncoder: false
09:31:04.030 [nioEventLoopGroup-2-1] DEBUG io.netty.handler.codec.http.websocketx.WebSocketClientHandshaker13 - WebSocket version 13 client handshake key: mkM4yEHovZZKz7HIQ2a9ZQ==, expected response: 8Eu47i/xXlLG5wt2nqrprTxSkvY=
09:31:04.038 [nioEventLoopGroup-2-1] DEBUG io.netty.util.Recycler - -Dio.netty.recycler.maxCapacityPerThread: 4096
09:31:04.038 [nioEventLoopGroup-2-1] DEBUG io.netty.util.Recycler - -Dio.netty.recycler.ratio: 8
09:31:04.038 [nioEventLoopGroup-2-1] DEBUG io.netty.util.Recycler - -Dio.netty.recycler.chunkSize: 32
09:31:04.038 [nioEventLoopGroup-2-1] DEBUG io.netty.util.Recycler - -Dio.netty.recycler.blocking: false
09:31:04.074 [nioEventLoopGroup-2-1] DEBUG com.intuit.karate.http.WebSocketClientHandler - websocket client connected
09:31:04.076 [Test worker] DEBUG com.jayway.jsonpath.internal.path.CompiledPath - Evaluating path: $['targetId']
09:31:04.076 [Test worker] DEBUG com.jayway.jsonpath.internal.path.CompiledPath - Evaluating path: $
09:31:04.077 [Test worker] DEBUG com.jayway.jsonpath.internal.path.CompiledPath - Evaluating path: $
09:31:04.077 [Test worker] DEBUG com.jayway.jsonpath.internal.JsonContext - Put path $ key targetId value {}
09:31:04.077 [Test worker] DEBUG com.jayway.jsonpath.internal.path.CompiledPath - Evaluating path: $
09:31:04.077 [Test worker] DEBUG com.jayway.jsonpath.internal.JsonContext - Put path $ key targetId value A50641084A8A3045F96F34C59356E0BE
09:31:04.077 [Test worker] DEBUG com.jayway.jsonpath.internal.path.CompiledPath - Evaluating path: $['flatten']
09:31:04.077 [Test worker] DEBUG com.jayway.jsonpath.internal.path.CompiledPath - Evaluating path: $
09:31:04.077 [Test worker] DEBUG com.jayway.jsonpath.internal.path.CompiledPath - Evaluating path: $
09:31:04.077 [Test worker] DEBUG com.jayway.jsonpath.internal.JsonContext - Put path $ key flatten value {}
09:31:04.078 [Test worker] DEBUG com.jayway.jsonpath.internal.path.CompiledPath - Evaluating path: $
09:31:04.078 [Test worker] DEBUG com.jayway.jsonpath.internal.JsonContext - Put path $ key flatten value true
09:31:04.078 [Test worker] DEBUG com.jayway.jsonpath.internal.path.CompiledPath - Evaluating path: $
09:31:04.078 [Test worker] DEBUG com.intuit.karate.driver.chrome_1689566462788 - >> {"id":1,"method":"Target.attachToTarget","params":{"targetId":"A50641084A8A3045F96F34C59356E0BE","flatten":true}}
09:31:04.083 [nioEventLoopGroup-2-1] DEBUG io.netty.handler.codec.compression.JdkZlibEncoder - -Dio.netty.jdkzlib.encoder.maxInitialOutputBufferSize=65536
09:31:04.083 [nioEventLoopGroup-2-1] DEBUG io.netty.handler.codec.compression.JdkZlibEncoder - -Dio.netty.jdkzlib.encoder.maxInputBufferSize=65536
09:31:04.093 [nioEventLoopGroup-2-1] DEBUG com.intuit.karate.driver.chrome_1689566462788 - << {"method":"Target.attachedToTarget","params":{"sessionId":"768D055A1E18013891B145D656DF4446","targetInfo":{"targetId":"A50641084A8A3045F96F34C59356E0BE","type":"page","title":"Welcome to Chrome","url":"chrome://welcome/","attached":true,"canAccessOpener":false,"browserContextId":"B146C7525AAC3D778664D5746295829C"},"waitingForDebugger":false}}
09:31:04.093 [nioEventLoopGroup-2-1] DEBUG com.jayway.jsonpath.internal.path.CompiledPath - Evaluating path: $
09:31:04.093 [nioEventLoopGroup-2-1] DEBUG com.jayway.jsonpath.internal.path.CompiledPath - Evaluating path: $['targetInfo']['type']
09:31:04.094 [nioEventLoopGroup-2-1] DEBUG com.intuit.karate.driver.chrome_1689566462788 - << {"id":1,"result":{"sessionId":"768D055A1E18013891B145D656DF4446"}}
09:31:04.094 [nioEventLoopGroup-2-1] DEBUG com.jayway.jsonpath.internal.path.CompiledPath - Evaluating path: $
09:31:04.095 [Test worker] DEBUG com.jayway.jsonpath.internal.path.CompiledPath - Evaluating path: $['sessionId']
09:31:04.095 [Test worker] DEBUG com.jayway.jsonpath.internal.path.CompiledPath - Evaluating path: $['targetId']
09:31:04.095 [Test worker] DEBUG com.jayway.jsonpath.internal.path.CompiledPath - Evaluating path: $
09:31:04.095 [Test worker] DEBUG com.jayway.jsonpath.internal.path.CompiledPath - Evaluating path: $
09:31:04.095 [Test worker] DEBUG com.jayway.jsonpath.internal.JsonContext - Put path $ key targetId value {}
09:31:04.095 [Test worker] DEBUG com.jayway.jsonpath.internal.path.CompiledPath - Evaluating path: $
09:31:04.095 [Test worker] DEBUG com.jayway.jsonpath.internal.JsonContext - Put path $ key targetId value A50641084A8A3045F96F34C59356E0BE
09:31:04.095 [Test worker] DEBUG com.jayway.jsonpath.internal.path.CompiledPath - Evaluating path: $
09:31:04.095 [Test worker] DEBUG com.intuit.karate.driver.chrome_1689566462788 - >> {"id":2,"sessionId":"768D055A1E18013891B145D656DF4446","method":"Target.activateTarget","params":{"targetId":"A50641084A8A3045F96F34C59356E0BE"}}
09:31:04.097 [nioEventLoopGroup-2-1] DEBUG com.intuit.karate.driver.chrome_1689566462788 - << {"id":2,"result":{},"sessionId":"768D055A1E18013891B145D656DF4446"}
09:31:04.097 [nioEventLoopGroup-2-1] DEBUG com.jayway.jsonpath.internal.path.CompiledPath - Evaluating path: $
09:31:04.098 [Test worker] DEBUG com.jayway.jsonpath.internal.path.CompiledPath - Evaluating path: $['discover']
09:31:04.098 [Test worker] DEBUG com.jayway.jsonpath.internal.path.CompiledPath - Evaluating path: $
09:31:04.098 [Test worker] DEBUG com.jayway.jsonpath.internal.path.CompiledPath - Evaluating path: $
09:31:04.098 [Test worker] DEBUG com.jayway.jsonpath.internal.JsonContext - Put path $ key discover value {}
09:31:04.098 [Test worker] DEBUG com.jayway.jsonpath.internal.path.CompiledPath - Evaluating path: $
09:31:04.098 [Test worker] DEBUG com.jayway.jsonpath.internal.JsonContext - Put path $ key discover value true
09:31:04.098 [Test worker] DEBUG com.jayway.jsonpath.internal.path.CompiledPath - Evaluating path: $
09:31:04.098 [Test worker] DEBUG com.intuit.karate.driver.chrome_1689566462788 - >> {"id":3,"sessionId":"768D055A1E18013891B145D656DF4446","method":"Target.setDiscoverTargets","params":{"discover":true}}
09:31:04.102 [nioEventLoopGroup-2-1] DEBUG com.intuit.karate.driver.chrome_1689566462788 - << {"method":"Target.targetCreated","params":{"targetInfo":{"targetId":"0AE96E7847A78EB2491507051ADA5CD8","type":"background_page","title":"Google Network Speech","url":"chrome-extension://neajdppkdcdipfabeoofebfddakdcjhd/_generated_background_page.html","attached":false,"canAccessOpener":false,"browserContextId":"B146C7525AAC3D778664D5746295829C"}},"sessionId":"768D055A1E18013891B145D656DF4446"}
09:31:04.102 [nioEventLoopGroup-2-1] DEBUG com.jayway.jsonpath.internal.path.CompiledPath - Evaluating path: $
09:31:04.102 [nioEventLoopGroup-2-1] DEBUG com.intuit.karate.driver.chrome_1689566462788 - << {"method":"Target.targetCreated","params":{"targetInfo":{"targetId":"A50641084A8A3045F96F34C59356E0BE","type":"page","title":"Welcome to Chrome","url":"chrome://welcome/","attached":true,"canAccessOpener":false,"browserContextId":"B146C7525AAC3D778664D5746295829C"}},"sessionId":"768D055A1E18013891B145D656DF4446"}
09:31:04.102 [nioEventLoopGroup-2-1] DEBUG com.jayway.jsonpath.internal.path.CompiledPath - Evaluating path: $
09:31:04.103 [nioEventLoopGroup-2-1] DEBUG com.intuit.karate.driver.chrome_1689566462788 - << {"method":"Target.targetCreated","params":{"targetInfo":{"targetId":"CFEDE0E15A62C1C0FDD3E0DD78FEEFC8","type":"background_page","title":"Google Hangouts","url":"chrome-extension://nkeimhogjdpnpccoofpliimaahmaaome/background.html","attached":false,"canAccessOpener":false,"browserContextId":"B146C7525AAC3D778664D5746295829C"}},"sessionId":"768D055A1E18013891B145D656DF4446"}
09:31:04.103 [nioEventLoopGroup-2-1] DEBUG com.jayway.jsonpath.internal.path.CompiledPath - Evaluating path: $
09:31:04.103 [nioEventLoopGroup-2-1] DEBUG com.intuit.karate.driver.chrome_1689566462788 - << {"id":3,"result":{},"sessionId":"768D055A1E18013891B145D656DF4446"}
09:31:04.103 [nioEventLoopGroup-2-1] DEBUG com.jayway.jsonpath.internal.path.CompiledPath - Evaluating path: $
09:31:04.104 [Test worker] DEBUG com.intuit.karate.driver.chrome_1689566462788 - >> {"id":4,"sessionId":"768D055A1E18013891B145D656DF4446","method":"Page.enable"}
09:31:04.105 [nioEventLoopGroup-2-1] DEBUG com.intuit.karate.driver.chrome_1689566462788 - << {"id":4,"result":{},"sessionId":"768D055A1E18013891B145D656DF4446"}
09:31:04.105 [nioEventLoopGroup-2-1] DEBUG com.jayway.jsonpath.internal.path.CompiledPath - Evaluating path: $
09:31:04.105 [Test worker] DEBUG com.intuit.karate.driver.chrome_1689566462788 - >> {"id":5,"sessionId":"768D055A1E18013891B145D656DF4446","method":"Runtime.enable"}
09:31:04.107 [nioEventLoopGroup-2-1] DEBUG com.intuit.karate.driver.chrome_1689566462788 - << {"method":"Runtime.executionContextCreated","params":{"context":{"id":1,"origin":"chrome://welcome","name":"","uniqueId":"5732632766856377700.-4266117345657036510","auxData":{"isDefault":true,"type":"default","frameId":"A50641084A8A3045F96F34C59356E0BE"}}},"sessionId":"768D055A1E18013891B145D656DF4446"}
09:31:04.107 [nioEventLoopGroup-2-1] DEBUG com.jayway.jsonpath.internal.path.CompiledPath - Evaluating path: $
09:31:04.107 [nioEventLoopGroup-2-1] DEBUG com.jayway.jsonpath.internal.path.CompiledPath - Evaluating path: $['context']['auxData']['frameId']
09:31:04.107 [nioEventLoopGroup-2-1] DEBUG com.jayway.jsonpath.internal.path.CompiledPath - Evaluating path: $['context']['id']
09:31:04.108 [nioEventLoopGroup-2-1] DEBUG com.intuit.karate.driver.chrome_1689566462788 - << {"id":5,"result":{},"sessionId":"768D055A1E18013891B145D656DF4446"}
09:31:04.108 [nioEventLoopGroup-2-1] DEBUG com.jayway.jsonpath.internal.path.CompiledPath - Evaluating path: $
09:31:04.108 [Test worker] DEBUG com.jayway.jsonpath.internal.path.CompiledPath - Evaluating path: $['targetId']
09:31:04.108 [Test worker] DEBUG com.jayway.jsonpath.internal.path.CompiledPath - Evaluating path: $
09:31:04.108 [Test worker] DEBUG com.jayway.jsonpath.internal.path.CompiledPath - Evaluating path: $
09:31:04.108 [Test worker] DEBUG com.jayway.jsonpath.internal.JsonContext - Put path $ key targetId value {}
09:31:04.108 [Test worker] DEBUG com.jayway.jsonpath.internal.path.CompiledPath - Evaluating path: $
09:31:04.108 [Test worker] DEBUG com.jayway.jsonpath.internal.JsonContext - Put path $ key targetId value A50641084A8A3045F96F34C59356E0BE
09:31:04.108 [Test worker] DEBUG com.jayway.jsonpath.internal.path.CompiledPath - Evaluating path: $
09:31:04.108 [Test worker] DEBUG com.intuit.karate.driver.chrome_1689566462788 - >> {"id":6,"sessionId":"768D055A1E18013891B145D656DF4446","method":"Browser.getWindowForTarget","params":{"targetId":"A50641084A8A3045F96F34C59356E0BE"}}
09:31:04.109 [nioEventLoopGroup-2-1] DEBUG com.intuit.karate.driver.chrome_1689566462788 - << {"id":6,"result":{"windowId":1254334576,"bounds":{"left":10,"top":10,"width":1050,"height":700,"windowState":"normal"}},"sessionId":"768D055A1E18013891B145D656DF4446"}
09:31:04.110 [nioEventLoopGroup-2-1] DEBUG com.jayway.jsonpath.internal.path.CompiledPath - Evaluating path: $
09:31:04.252 [Test worker] DEBUG com.jayway.jsonpath.internal.path.CompiledPath - Evaluating path: $['url']
09:31:04.252 [Test worker] DEBUG com.jayway.jsonpath.internal.path.CompiledPath - Evaluating path: $
09:31:04.252 [Test worker] DEBUG com.jayway.jsonpath.internal.path.CompiledPath - Evaluating path: $
09:31:04.252 [Test worker] DEBUG com.jayway.jsonpath.internal.JsonContext - Put path $ key url value {}
09:31:04.252 [Test worker] DEBUG com.jayway.jsonpath.internal.path.CompiledPath - Evaluating path: $
09:31:04.252 [Test worker] DEBUG com.jayway.jsonpath.internal.JsonContext - Put path $ key url value https://practicetestautomation.com/practice-test-login/
09:31:04.252 [Test worker] DEBUG com.jayway.jsonpath.internal.path.CompiledPath - Evaluating path: $
09:31:04.253 [Test worker] DEBUG com.intuit.karate.driver.chrome_1689566462788 - >> {"id":7,"sessionId":"768D055A1E18013891B145D656DF4446","method":"Page.navigate","params":{"url":"https:\/\/practicetestautomation.com\/practice-test-login\/"}}
09:31:05.652 [nioEventLoopGroup-2-1] DEBUG com.intuit.karate.driver.chrome_1689566462788 - << {"id":7,"result":{"frameId":"A50641084A8A3045F96F34C59356E0BE","loaderId":"D6CE12AD4A7271904AFA1430511FD1AC"},"sessionId":"768D055A1E18013891B145D656DF4446"}
09:31:05.652 [nioEventLoopGroup-2-1] DEBUG com.jayway.jsonpath.internal.path.CompiledPath - Evaluating path: $
09:31:05.655 [nioEventLoopGroup-2-1] DEBUG com.intuit.karate.driver.chrome_1689566462788 - << {"method":"Runtime.executionContextsCleared","params":{},"sessionId":"768D055A1E18013891B145D656DF4446"}
09:31:05.656 [nioEventLoopGroup-2-1] DEBUG com.jayway.jsonpath.internal.path.CompiledPath - Evaluating path: $
09:31:05.658 [nioEventLoopGroup-2-1] DEBUG com.intuit.karate.driver.chrome_1689566462788 - << {"method":"Page.frameStartedLoading","params":{"frameId":"A50641084A8A3045F96F34C59356E0BE"},"sessionId":"768D055A1E18013891B145D656DF4446"}
09:31:05.658 [nioEventLoopGroup-2-1] DEBUG com.jayway.jsonpath.internal.path.CompiledPath - Evaluating path: $
09:31:05.658 [nioEventLoopGroup-2-1] DEBUG com.jayway.jsonpath.internal.path.CompiledPath - Evaluating path: $['frameId']
09:31:05.669 [nioEventLoopGroup-2-1] DEBUG com.intuit.karate.driver.chrome_1689566462788 - << {"method":"Target.targetInfoChanged","params":{"targetInfo":{"targetId":"A50641084A8A3045F96F34C59356E0BE","type":"page","title":"practicetestautomation.com/practice-test-login/","url":"https://practicetestautomation.com/practice-test-login/","attached":true,"canAccessOpener":false,"browserContextId":"B146C7525AAC3D778664D5746295829C"}},"sessionId":"768D055A1E18013891B145D656DF4446"}
09:31:05.669 [nioEventLoopGroup-2-1] DEBUG com.jayway.jsonpath.internal.path.CompiledPath - Evaluating path: $
09:31:05.670 [nioEventLoopGroup-2-1] DEBUG com.jayway.jsonpath.internal.path.CompiledPath - Evaluating path: $['targetInfo']['targetId']
09:31:05.682 [nioEventLoopGroup-2-1] DEBUG com.intuit.karate.driver.chrome_1689566462788 - << {"method":"Runtime.executionContextsCleared","params":{},"sessionId":"768D055A1E18013891B145D656DF4446"}
09:31:05.682 [nioEventLoopGroup-2-1] DEBUG com.jayway.jsonpath.internal.path.CompiledPath - Evaluating path: $
09:31:05.684 [nioEventLoopGroup-2-1] DEBUG com.intuit.karate.driver.chrome_1689566462788 - << {"method":"Page.frameNavigated","params":{"frame":{"id":"A50641084A8A3045F96F34C59356E0BE","loaderId":"D6CE12AD4A7271904AFA1430511FD1AC","url":"https://practicetestautomation.com/practice-test-login/","domainAndRegistry":"practicetestautomation.com","securityOrigin":"https://practicetestautomation.com","mimeType":"text/html","adFrameStatus":{"adFrameType":"none"},"secureContextType":"Secure","crossOriginIsolatedContextType":"NotIsolated","gatedAPIFeatures":[]},"type":"Navigation"},"sessionId":"768D055A1E18013891B145D656DF4446"}
09:31:05.684 [nioEventLoopGroup-2-1] DEBUG com.jayway.jsonpath.internal.path.CompiledPath - Evaluating path: $
09:31:05.685 [nioEventLoopGroup-2-1] DEBUG com.jayway.jsonpath.internal.path.CompiledPath - Evaluating path: $['frame']['id']
09:31:05.685 [nioEventLoopGroup-2-1] DEBUG com.jayway.jsonpath.internal.path.CompiledPath - Evaluating path: $['frame']['url']
09:31:05.685 [nioEventLoopGroup-2-1] DEBUG com.jayway.jsonpath.internal.path.CompiledPath - Evaluating path: $['frame']['name']
09:31:05.686 [nioEventLoopGroup-2-1] DEBUG com.intuit.karate.driver.chrome_1689566462788 - << {"method":"Runtime.executionContextCreated","params":{"context":{"id":1,"origin":"https://practicetestautomation.com","name":"","uniqueId":"-8684270850546894408.-6697061996654514109","auxData":{"isDefault":true,"type":"default","frameId":"A50641084A8A3045F96F34C59356E0BE"}}},"sessionId":"768D055A1E18013891B145D656DF4446"}
09:31:05.687 [nioEventLoopGroup-2-1] DEBUG com.jayway.jsonpath.internal.path.CompiledPath - Evaluating path: $
09:31:05.687 [nioEventLoopGroup-2-1] DEBUG com.jayway.jsonpath.internal.path.CompiledPath - Evaluating path: $['context']['auxData']['frameId']
09:31:05.687 [nioEventLoopGroup-2-1] DEBUG com.jayway.jsonpath.internal.path.CompiledPath - Evaluating path: $['context']['id']
09:31:06.453 [nioEventLoopGroup-2-1] DEBUG com.intuit.karate.driver.chrome_1689566462788 - << {"method":"Runtime.consoleAPICalled","params":{"type":"log","args":[{"type":"string","value":"JQMIGRATE: Migrate is installed, version 3.4.0"}],"executionContextId":1,"timestamp":1.689566466452112e+12,"stackTrace":{"callFrames":[{"functionName":"","scriptId":"9","url":"https://practicetestautomation.com/wp-includes/js/jquery/jquery-migrate.min.js?ver=3.4.0","lineNumber":1,"columnNumber":969},{"functionName":"","scriptId":"9","url":"https://practicetestautomation.com/wp-includes/js/jquery/jquery-migrate.min.js?ver=3.4.0","lineNumber":1,"columnNumber":261},{"functionName":"","scriptId":"9","url":"https://practicetestautomation.com/wp-includes/js/jquery/jquery-migrate.min.js?ver=3.4.0","lineNumber":1,"columnNumber":278}]}},"sessionId":"768D055A1E18013891B145D656DF4446"}
09:31:06.455 [nioEventLoopGroup-2-1] DEBUG com.jayway.jsonpath.internal.path.CompiledPath - Evaluating path: $
09:31:06.456 [nioEventLoopGroup-2-1] DEBUG com.jayway.jsonpath.internal.path.CompiledPath - Evaluating path: $['args'][*]['value']
09:31:06.456 [nioEventLoopGroup-2-1] DEBUG com.intuit.karate.driver.chrome_1689566462788 - [console] JQMIGRATE: Migrate is installed, version 3.4.0
09:31:06.749 [nioEventLoopGroup-2-1] DEBUG com.intuit.karate.driver.chrome_1689566462788 - << {"method":"Page.domContentEventFired","params":{"timestamp":68838.580615},"sessionId":"768D055A1E18013891B145D656DF4446"}
09:31:06.749 [nioEventLoopGroup-2-1] DEBUG com.jayway.jsonpath.internal.path.CompiledPath - Evaluating path: $
09:31:06.816 [Test worker] DEBUG com.jayway.jsonpath.internal.path.CompiledPath - Evaluating path: $['expression']
09:31:06.817 [Test worker] DEBUG com.jayway.jsonpath.internal.path.CompiledPath - Evaluating path: $
09:31:06.817 [Test worker] DEBUG com.jayway.jsonpath.internal.path.CompiledPath - Evaluating path: $
09:31:06.817 [Test worker] DEBUG com.jayway.jsonpath.internal.JsonContext - Put path $ key expression value {}
09:31:06.817 [Test worker] DEBUG com.jayway.jsonpath.internal.path.CompiledPath - Evaluating path: $
09:31:06.817 [Test worker] DEBUG com.jayway.jsonpath.internal.JsonContext - Put path $ key expression value var e = document.querySelector("#username"); e.focus(); try { e.selectionStart = e.selectionEnd = e.value.length } catch(x) {}
09:31:06.817 [Test worker] DEBUG com.jayway.jsonpath.internal.path.CompiledPath - Evaluating path: $['returnByValue']
09:31:06.817 [Test worker] DEBUG com.jayway.jsonpath.internal.path.CompiledPath - Evaluating path: $
09:31:06.818 [Test worker] DEBUG com.jayway.jsonpath.internal.path.CompiledPath - Evaluating path: $
09:31:06.818 [Test worker] DEBUG com.jayway.jsonpath.internal.JsonContext - Put path $ key returnByValue value {}
09:31:06.818 [Test worker] DEBUG com.jayway.jsonpath.internal.path.CompiledPath - Evaluating path: $
09:31:06.818 [Test worker] DEBUG com.jayway.jsonpath.internal.JsonContext - Put path $ key returnByValue value true
09:31:06.818 [Test worker] DEBUG com.jayway.jsonpath.internal.path.CompiledPath - Evaluating path: $
09:31:06.818 [Test worker] DEBUG com.intuit.karate.driver.chrome_1689566462788 - >> {"id":8,"sessionId":"768D055A1E18013891B145D656DF4446","method":"Runtime.evaluate","params":{"expression":"var e = document.querySelector(\"#username\"); e.focus(); try { e.selectionStart = e.selectionEnd = e.value.length } catch(x) {}","returnByValue":true}}
09:31:06.837 [nioEventLoopGroup-2-1] DEBUG com.intuit.karate.driver.chrome_1689566462788 - << {"id":8,"result":{"result":{"type":"number","value":0,"description":"0"}},"sessionId":"768D055A1E18013891B145D656DF4446"}
09:31:06.837 [nioEventLoopGroup-2-1] DEBUG com.jayway.jsonpath.internal.path.CompiledPath - Evaluating path: $
09:31:06.839 [Test worker] DEBUG com.jayway.jsonpath.internal.path.CompiledPath - Evaluating path: $['modifiers']
09:31:06.839 [Test worker] DEBUG com.jayway.jsonpath.internal.path.CompiledPath - Evaluating path: $
09:31:06.840 [Test worker] DEBUG com.jayway.jsonpath.internal.path.CompiledPath - Evaluating path: $
09:31:06.840 [Test worker] DEBUG com.jayway.jsonpath.internal.JsonContext - Put path $ key modifiers value {}
09:31:06.840 [Test worker] DEBUG com.jayway.jsonpath.internal.path.CompiledPath - Evaluating path: $
09:31:06.840 [Test worker] DEBUG com.jayway.jsonpath.internal.JsonContext - Put path $ key modifiers value 0
09:31:06.840 [Test worker] DEBUG com.jayway.jsonpath.internal.path.CompiledPath - Evaluating path: $['type']
09:31:06.840 [Test worker] DEBUG com.jayway.jsonpath.internal.path.CompiledPath - Evaluating path: $
09:31:06.840 [Test worker] DEBUG com.jayway.jsonpath.internal.path.CompiledPath - Evaluating path: $
09:31:06.841 [Test worker] DEBUG com.jayway.jsonpath.internal.JsonContext - Put path $ key type value {}
09:31:06.841 [Test worker] DEBUG com.jayway.jsonpath.internal.path.CompiledPath - Evaluating path: $
09:31:06.841 [Test worker] DEBUG com.jayway.jsonpath.internal.JsonContext - Put path $ key type value rawKeyDown
09:31:06.841 [Test worker] DEBUG com.jayway.jsonpath.internal.path.CompiledPath - Evaluating path: $['text']
09:31:06.841 [Test worker] DEBUG com.jayway.jsonpath.internal.path.CompiledPath - Evaluating path: $
09:31:06.841 [Test worker] DEBUG com.jayway.jsonpath.internal.path.CompiledPath - Evaluating path: $
09:31:06.841 [Test worker] DEBUG com.jayway.jsonpath.internal.JsonContext - Put path $ key text value {}
09:31:06.841 [Test worker] DEBUG com.jayway.jsonpath.internal.path.CompiledPath - Evaluating path: $
09:31:06.842 [Test worker] DEBUG com.jayway.jsonpath.internal.JsonContext - Put path $ key text value s
09:31:06.842 [Test worker] DEBUG com.jayway.jsonpath.internal.path.CompiledPath - Evaluating path: $['windowsVirtualKeyCode']
09:31:06.842 [Test worker] DEBUG com.jayway.jsonpath.internal.path.CompiledPath - Evaluating path: $
09:31:06.842 [Test worker] DEBUG com.jayway.jsonpath.internal.path.CompiledPath - Evaluating path: $
09:31:06.842 [Test worker] DEBUG com.jayway.jsonpath.internal.JsonContext - Put path $ key windowsVirtualKeyCode value {}
09:31:06.842 [Test worker] DEBUG com.jayway.jsonpath.internal.path.CompiledPath - Evaluating path: $
09:31:06.843 [Test worker] DEBUG com.jayway.jsonpath.internal.JsonContext - Put path $ key windowsVirtualKeyCode value 115
09:31:06.843 [Test worker] DEBUG com.jayway.jsonpath.internal.path.CompiledPath - Evaluating path: $
09:31:06.843 [Test worker] DEBUG com.intuit.karate.driver.chrome_1689566462788 - >> {"id":9,"sessionId":"768D055A1E18013891B145D656DF4446","method":"Input.dispatchKeyEvent","params":{"modifiers":0,"type":"rawKeyDown","text":"s","windowsVirtualKeyCode":115}}
09:31:06.847 [nioEventLoopGroup-2-1] DEBUG com.intuit.karate.driver.chrome_1689566462788 - << {"id":9,"result":{},"sessionId":"768D055A1E18013891B145D656DF4446"}
09:31:06.847 [nioEventLoopGroup-2-1] DEBUG com.jayway.jsonpath.internal.path.CompiledPath - Evaluating path: $
09:31:06.848 [Test worker] DEBUG com.jayway.jsonpath.internal.path.CompiledPath - Evaluating path: $['modifiers']
09:31:06.848 [Test worker] DEBUG com.jayway.jsonpath.internal.path.CompiledPath - Evaluating path: $
09:31:06.848 [Test worker] DEBUG com.jayway.jsonpath.internal.path.CompiledPath - Evaluating path: $
09:31:06.848 [Test worker] DEBUG com.jayway.jsonpath.internal.JsonContext - Put path $ key modifiers value {}
09:31:06.848 [Test worker] DEBUG com.jayway.jsonpath.internal.path.CompiledPath - Evaluating path: $
09:31:06.848 [Test worker] DEBUG com.jayway.jsonpath.internal.JsonContext - Put path $ key modifiers value 0
09:31:06.848 [Test worker] DEBUG com.jayway.jsonpath.internal.path.CompiledPath - Evaluating path: $['type']
09:31:06.848 [Test worker] DEBUG com.jayway.jsonpath.internal.path.CompiledPath - Evaluating path: $
09:31:06.862 [nioEventLoopGroup-2-1] DEBUG com.intuit.karate.driver.chrome_1689566462788 - << {"method":"Target.targetCreated","params":{"targetInfo":{"targetId":"911A5A1254EB77C073596E00A1961501","type":"app","title":"Chrome Web Store Payments","url":"","attached":false,"canAccessOpener":false,"browserContextId":"B146C7525AAC3D778664D5746295829C"}},"sessionId":"768D055A1E18013891B145D656DF4446"}
09:31:06.862 [nioEventLoopGroup-2-1] DEBUG com.jayway.jsonpath.internal.path.CompiledPath - Evaluating path: $
09:31:06.849 [Test worker] DEBUG com.jayway.jsonpath.internal.path.CompiledPath - Evaluating path: $
09:31:06.875 [Test worker] DEBUG com.jayway.jsonpath.internal.JsonContext - Put path $ key type value {}
09:31:06.876 [Test worker] DEBUG com.jayway.jsonpath.internal.path.CompiledPath - Evaluating path: $
09:31:06.877 [Test worker] DEBUG com.jayway.jsonpath.internal.JsonContext - Put path $ key type value char
09:31:06.877 [Test worker] DEBUG com.jayway.jsonpath.internal.path.CompiledPath - Evaluating path: $['text']
09:31:06.878 [Test worker] DEBUG com.jayway.jsonpath.internal.path.CompiledPath - Evaluating path: $
09:31:06.878 [Test worker] DEBUG com.jayway.jsonpath.internal.path.CompiledPath - Evaluating path: $
09:31:06.879 [Test worker] DEBUG com.jayway.jsonpath.internal.JsonContext - Put path $ key text value {}
09:31:06.879 [Test worker] DEBUG com.jayway.jsonpath.internal.path.CompiledPath - Evaluating path: $
09:31:06.880 [Test worker] DEBUG com.jayway.jsonpath.internal.JsonContext - Put path $ key text value s
09:31:06.883 [Test worker] DEBUG com.jayway.jsonpath.internal.path.CompiledPath - Evaluating path: $['windowsVirtualKeyCode']
09:31:06.884 [Test worker] DEBUG com.jayway.jsonpath.internal.path.CompiledPath - Evaluating path: $
09:31:06.884 [Test worker] DEBUG com.jayway.jsonpath.internal.path.CompiledPath - Evaluating path: $
09:31:06.885 [Test worker] DEBUG com.jayway.jsonpath.internal.JsonContext - Put path $ key windowsVirtualKeyCode value {}
09:31:06.885 [Test worker] DEBUG com.jayway.jsonpath.internal.path.CompiledPath - Evaluating path: $
09:31:06.885 [Test worker] DEBUG com.jayway.jsonpath.internal.JsonContext - Put path $ key windowsVirtualKeyCode value 115
09:31:06.885 [Test worker] DEBUG com.jayway.jsonpath.internal.path.CompiledPath - Evaluating path: $
09:31:06.885 [Test worker] DEBUG com.intuit.karate.driver.chrome_1689566462788 - >> {"id":10,"sessionId":"768D055A1E18013891B145D656DF4446","method":"Input.dispatchKeyEvent","params":{"modifiers":0,"type":"char","text":"s","windowsVirtualKeyCode":115}}
09:31:06.912 [nioEventLoopGroup-2-1] DEBUG com.intuit.karate.driver.chrome_1689566462788 - << {"id":10,"result":{},"sessionId":"768D055A1E18013891B145D656DF4446"}
09:31:06.913 [nioEventLoopGroup-2-1] DEBUG com.jayway.jsonpath.internal.path.CompiledPath - Evaluating path: $
09:31:06.915 [Test worker] DEBUG com.jayway.jsonpath.internal.path.CompiledPath - Evaluating path: $['modifiers']
09:31:06.915 [Test worker] DEBUG com.jayway.jsonpath.internal.path.CompiledPath - Evaluating path: $
09:31:06.915 [Test worker] DEBUG com.jayway.jsonpath.internal.path.CompiledPath - Evaluating path: $
09:31:06.915 [Test worker] DEBUG com.jayway.jsonpath.internal.JsonContext - Put path $ key modifiers value {}
09:31:06.915 [Test worker] DEBUG com.jayway.jsonpath.internal.path.CompiledPath - Evaluating path: $
09:31:06.915 [Test worker] DEBUG com.jayway.jsonpath.internal.JsonContext - Put path $ key modifiers value 0
09:31:06.916 [Test worker] DEBUG com.jayway.jsonpath.internal.path.CompiledPath - Evaluating path: $['type']
09:31:06.916 [Test worker] DEBUG com.jayway.jsonpath.internal.path.CompiledPath - Evaluating path: $
09:31:06.916 [Test worker] DEBUG com.jayway.jsonpath.internal.path.CompiledPath - Evaluating path: $
09:31:06.916 [Test worker] DEBUG com.jayway.jsonpath.internal.JsonContext - Put path $ key type value {}
09:31:06.916 [Test worker] DEBUG com.jayway.jsonpath.internal.path.CompiledPath - Evaluating path: $
09:31:06.916 [Test worker] DEBUG com.jayway.jsonpath.internal.JsonContext - Put path $ key type value keyUp
09:31:06.916 [Test worker] DEBUG com.jayway.jsonpath.internal.path.CompiledPath - Evaluating path: $['text']
09:31:06.916 [Test worker] DEBUG com.jayway.jsonpath.internal.path.CompiledPath - Evaluating path: $
09:31:06.916 [Test worker] DEBUG com.jayway.jsonpath.internal.path.CompiledPath - Evaluating path: $
09:31:06.919 [nioEventLoopGroup-2-1] DEBUG com.intuit.karate.driver.chrome_1689566462788 - << {"method":"Page.loadEventFired","params":{"timestamp":68838.750503},"sessionId":"768D055A1E18013891B145D656DF4446"}
09:31:06.920 [nioEventLoopGroup-2-1] DEBUG com.jayway.jsonpath.internal.path.CompiledPath - Evaluating path: $
09:31:06.916 [Test worker] DEBUG com.jayway.jsonpath.internal.JsonContext - Put path $ key text value {}
09:31:06.924 [Test worker] DEBUG com.jayway.jsonpath.internal.path.CompiledPath - Evaluating path: $
09:31:06.924 [nioEventLoopGroup-2-1] DEBUG com.intuit.karate.driver.chrome_1689566462788 - << {"method":"Page.frameStoppedLoading","params":{"frameId":"A50641084A8A3045F96F34C59356E0BE"},"sessionId":"768D055A1E18013891B145D656DF4446"}
09:31:06.924 [nioEventLoopGroup-2-1] DEBUG com.jayway.jsonpath.internal.path.CompiledPath - Evaluating path: $
09:31:06.925 [nioEventLoopGroup-2-1] DEBUG com.jayway.jsonpath.internal.path.CompiledPath - Evaluating path: $['frameId']
09:31:06.924 [Test worker] DEBUG com.jayway.jsonpath.internal.JsonContext - Put path $ key text value s
09:31:06.925 [Test worker] DEBUG com.jayway.jsonpath.internal.path.CompiledPath - Evaluating path: $['windowsVirtualKeyCode']
09:31:06.925 [Test worker] DEBUG com.jayway.jsonpath.internal.path.CompiledPath - Evaluating path: $
09:31:06.925 [Test worker] DEBUG com.jayway.jsonpath.internal.path.CompiledPath - Evaluating path: $
09:31:06.925 [Test worker] DEBUG com.jayway.jsonpath.internal.JsonContext - Put path $ key windowsVirtualKeyCode value {}
09:31:06.925 [Test worker] DEBUG com.jayway.jsonpath.internal.path.CompiledPath - Evaluating path: $
09:31:06.926 [Test worker] DEBUG com.jayway.jsonpath.internal.JsonContext - Put path $ key windowsVirtualKeyCode value 115
09:31:06.926 [Test worker] DEBUG com.jayway.jsonpath.internal.path.CompiledPath - Evaluating path: $
09:31:06.926 [Test worker] DEBUG com.intuit.karate.driver.chrome_1689566462788 - >> {"id":11,"sessionId":"768D055A1E18013891B145D656DF4446","method":"Input.dispatchKeyEvent","params":{"modifiers":0,"type":"keyUp","text":"s","windowsVirtualKeyCode":115}}
09:31:06.932 [nioEventLoopGroup-2-1] DEBUG com.intuit.karate.driver.chrome_1689566462788 - << {"id":11,"result":{},"sessionId":"768D055A1E18013891B145D656DF4446"}
09:31:06.933 [nioEventLoopGroup-2-1] DEBUG com.jayway.jsonpath.internal.path.CompiledPath - Evaluating path: $
09:31:06.933 [Test worker] DEBUG com.jayway.jsonpath.internal.path.CompiledPath - Evaluating path: $['modifiers']
09:31:06.933 [Test worker] DEBUG com.jayway.jsonpath.internal.path.CompiledPath - Evaluating path: $
09:31:06.933 [Test worker] DEBUG com.jayway.jsonpath.internal.path.CompiledPath - Evaluating path: $
09:31:06.933 [Test worker] DEBUG com.jayway.jsonpath.internal.JsonContext - Put path $ key modifiers value {}
09:31:06.934 [Test worker] DEBUG com.jayway.jsonpath.internal.path.CompiledPath - Evaluating path: $
09:31:06.934 [Test worker] DEBUG com.jayway.jsonpath.internal.JsonContext - Put path $ key modifiers value 0
09:31:06.934 [Test worker] DEBUG com.jayway.jsonpath.internal.path.CompiledPath - Evaluating path: $['type']
09:31:06.934 [Test worker] DEBUG com.jayway.jsonpath.internal.path.CompiledPath - Evaluating path: $
09:31:06.934 [Test worker] DEBUG com.jayway.jsonpath.internal.path.CompiledPath - Evaluating path: $
09:31:06.934 [Test worker] DEBUG com.jayway.jsonpath.internal.JsonContext - Put path $ key type value {}
09:31:06.934 [Test worker] DEBUG com.jayway.jsonpath.internal.path.CompiledPath - Evaluating path: $
09:31:06.934 [Test worker] DEBUG com.jayway.jsonpath.internal.JsonContext - Put path $ key type value rawKeyDown
09:31:06.934 [Test worker] DEBUG com.jayway.jsonpath.internal.path.CompiledPath - Evaluating path: $['text']
09:31:06.934 [Test worker] DEBUG com.jayway.jsonpath.internal.path.CompiledPath - Evaluating path: $
09:31:06.934 [Test worker] DEBUG com.jayway.jsonpath.internal.path.CompiledPath - Evaluating path: $
09:31:06.934 [Test worker] DEBUG com.jayway.jsonpath.internal.JsonContext - Put path $ key text value {}
09:31:06.934 [Test worker] DEBUG com.jayway.jsonpath.internal.path.CompiledPath - Evaluating path: $
09:31:06.934 [Test worker] DEBUG com.jayway.jsonpath.internal.JsonContext - Put path $ key text value t
09:31:06.934 [Test worker] DEBUG com.jayway.jsonpath.internal.path.CompiledPath - Evaluating path: $['windowsVirtualKeyCode']
09:31:06.934 [Test worker] DEBUG com.jayway.jsonpath.internal.path.CompiledPath - Evaluating path: $
09:31:06.934 [Test worker] DEBUG com.jayway.jsonpath.internal.path.CompiledPath - Evaluating path: $
09:31:06.935 [Test worker] DEBUG com.jayway.jsonpath.internal.JsonContext - Put path $ key windowsVirtualKeyCode value {}
09:31:06.935 [Test worker] DEBUG com.jayway.jsonpath.internal.path.CompiledPath - Evaluating path: $
09:31:06.935 [Test worker] DEBUG com.jayway.jsonpath.internal.JsonContext - Put path $ key windowsVirtualKeyCode value 116
09:31:06.935 [Test worker] DEBUG com.jayway.jsonpath.internal.path.CompiledPath - Evaluating path: $
09:31:06.935 [Test worker] DEBUG com.intuit.karate.driver.chrome_1689566462788 - >> {"id":12,"sessionId":"768D055A1E18013891B145D656DF4446","method":"Input.dispatchKeyEvent","params":{"modifiers":0,"type":"rawKeyDown","text":"t","windowsVirtualKeyCode":116}}
09:31:06.943 [nioEventLoopGroup-2-1] DEBUG com.intuit.karate.driver.chrome_1689566462788 - << {"id":12,"result":{},"sessionId":"768D055A1E18013891B145D656DF4446"}
09:31:06.943 [nioEventLoopGroup-2-1] DEBUG com.jayway.jsonpath.internal.path.CompiledPath - Evaluating path: $
09:31:06.949 [Test worker] DEBUG com.jayway.jsonpath.internal.path.CompiledPath - Evaluating path: $['modifiers']
09:31:06.949 [Test worker] DEBUG com.jayway.jsonpath.internal.path.CompiledPath - Evaluating path: $
09:31:06.950 [Test worker] DEBUG com.jayway.jsonpath.internal.path.CompiledPath - Evaluating path: $
09:31:06.950 [Test worker] DEBUG com.jayway.jsonpath.internal.JsonContext - Put path $ key modifiers value {}
09:31:06.950 [Test worker] DEBUG com.jayway.jsonpath.internal.path.CompiledPath - Evaluating path: $
09:31:06.950 [Test worker] DEBUG com.jayway.jsonpath.internal.JsonContext - Put path $ key modifiers value 0
09:31:06.950 [Test worker] DEBUG com.jayway.jsonpath.internal.path.CompiledPath - Evaluating path: $['type']
09:31:06.950 [Test worker] DEBUG com.jayway.jsonpath.internal.path.CompiledPath - Evaluating path: $
09:31:06.950 [Test worker] DEBUG com.jayway.jsonpath.internal.path.CompiledPath - Evaluating path: $
09:31:06.950 [Test worker] DEBUG com.jayway.jsonpath.internal.JsonContext - Put path $ key type value {}
09:31:06.950 [Test worker] DEBUG com.jayway.jsonpath.internal.path.CompiledPath - Evaluating path: $
09:31:06.951 [Test worker] DEBUG com.jayway.jsonpath.internal.JsonContext - Put path $ key type value char
09:31:06.951 [Test worker] DEBUG com.jayway.jsonpath.internal.path.CompiledPath - Evaluating path: $['text']
09:31:06.951 [Test worker] DEBUG com.jayway.jsonpath.internal.path.CompiledPath - Evaluating path: $
09:31:06.951 [Test worker] DEBUG com.jayway.jsonpath.internal.path.CompiledPath - Evaluating path: $
09:31:06.951 [Test worker] DEBUG com.jayway.jsonpath.internal.JsonContext - Put path $ key text value {}
09:31:06.951 [Test worker] DEBUG com.jayway.jsonpath.internal.path.CompiledPath - Evaluating path: $
09:31:06.951 [Test worker] DEBUG com.jayway.jsonpath.internal.JsonContext - Put path $ key text value t
09:31:06.951 [Test worker] DEBUG com.jayway.jsonpath.internal.path.CompiledPath - Evaluating path: $['windowsVirtualKeyCode']
09:31:06.951 [Test worker] DEBUG com.jayway.jsonpath.internal.path.CompiledPath - Evaluating path: $
09:31:06.951 [Test worker] DEBUG com.jayway.jsonpath.internal.path.CompiledPath - Evaluating path: $
09:31:06.951 [Test worker] DEBUG com.jayway.jsonpath.internal.JsonContext - Put path $ key windowsVirtualKeyCode value {}
09:31:06.951 [Test worker] DEBUG com.jayway.jsonpath.internal.path.CompiledPath - Evaluating path: $
09:31:06.951 [Test worker] DEBUG com.jayway.jsonpath.internal.JsonContext - Put path $ key windowsVirtualKeyCode value 116
09:31:06.951 [Test worker] DEBUG com.jayway.jsonpath.internal.path.CompiledPath - Evaluating path: $
09:31:06.951 [Test worker] DEBUG com.intuit.karate.driver.chrome_1689566462788 - >> {"id":13,"sessionId":"768D055A1E18013891B145D656DF4446","method":"Input.dispatchKeyEvent","params":{"modifiers":0,"type":"char","text":"t","windowsVirtualKeyCode":116}}
09:31:06.955 [nioEventLoopGroup-2-1] DEBUG com.intuit.karate.driver.chrome_1689566462788 - << {"id":13,"result":{},"sessionId":"768D055A1E18013891B145D656DF4446"}
09:31:06.956 [nioEventLoopGroup-2-1] DEBUG com.jayway.jsonpath.internal.path.CompiledPath - Evaluating path: $
09:31:06.956 [Test worker] DEBUG com.jayway.jsonpath.internal.path.CompiledPath - Evaluating path: $['modifiers']
09:31:06.956 [Test worker] DEBUG com.jayway.jsonpath.internal.path.CompiledPath - Evaluating path: $
09:31:06.956 [Test worker] DEBUG com.jayway.jsonpath.internal.path.CompiledPath - Evaluating path: $
09:31:06.957 [Test worker] DEBUG com.jayway.jsonpath.internal.JsonContext - Put path $ key modifiers value {}
09:31:06.957 [Test worker] DEBUG com.jayway.jsonpath.internal.path.CompiledPath - Evaluating path: $
09:31:06.957 [Test worker] DEBUG com.jayway.jsonpath.internal.JsonContext - Put path $ key modifiers value 0
09:31:06.957 [Test worker] DEBUG com.jayway.jsonpath.internal.path.CompiledPath - Evaluating path: $['type']
09:31:06.957 [Test worker] DEBUG com.jayway.jsonpath.internal.path.CompiledPath - Evaluating path: $
09:31:06.957 [Test worker] DEBUG com.jayway.jsonpath.internal.path.CompiledPath - Evaluating path: $
09:31:06.957 [Test worker] DEBUG com.jayway.jsonpath.internal.JsonContext - Put path $ key type value {}
09:31:06.957 [Test worker] DEBUG com.jayway.jsonpath.internal.path.CompiledPath - Evaluating path: $
09:31:06.957 [Test worker] DEBUG com.jayway.jsonpath.internal.JsonContext - Put path $ key type value keyUp
09:31:06.957 [Test worker] DEBUG com.jayway.jsonpath.internal.path.CompiledPath - Evaluating path: $['text']
09:31:06.957 [Test worker] DEBUG com.jayway.jsonpath.internal.path.CompiledPath - Evaluating path: $
09:31:06.957 [Test worker] DEBUG com.jayway.jsonpath.internal.path.CompiledPath - Evaluating path: $
09:31:06.958 [Test worker] DEBUG com.jayway.jsonpath.internal.JsonContext - Put path $ key text value {}
09:31:06.958 [Test worker] DEBUG com.jayway.jsonpath.internal.path.CompiledPath - Evaluating path: $
09:31:06.958 [Test worker] DEBUG com.jayway.jsonpath.internal.JsonContext - Put path $ key text value t
09:31:06.958 [Test worker] DEBUG com.jayway.jsonpath.internal.path.CompiledPath - Evaluating path: $['windowsVirtualKeyCode']
09:31:06.958 [Test worker] DEBUG com.jayway.jsonpath.internal.path.CompiledPath - Evaluating path: $
09:31:06.958 [Test worker] DEBUG com.jayway.jsonpath.internal.path.CompiledPath - Evaluating path: $
09:31:06.958 [Test worker] DEBUG com.jayway.jsonpath.internal.JsonContext - Put path $ key windowsVirtualKeyCode value {}
09:31:06.958 [Test worker] DEBUG com.jayway.jsonpath.internal.path.CompiledPath - Evaluating path: $
09:31:06.958 [Test worker] DEBUG com.jayway.jsonpath.internal.JsonContext - Put path $ key windowsVirtualKeyCode value 116
09:31:06.958 [Test worker] DEBUG com.jayway.jsonpath.internal.path.CompiledPath - Evaluating path: $
09:31:06.958 [Test worker] DEBUG com.intuit.karate.driver.chrome_1689566462788 - >> {"id":14,"sessionId":"768D055A1E18013891B145D656DF4446","method":"Input.dispatchKeyEvent","params":{"modifiers":0,"type":"keyUp","text":"t","windowsVirtualKeyCode":116}}
09:31:06.961 [nioEventLoopGroup-2-1] DEBUG com.intuit.karate.driver.chrome_1689566462788 - << {"id":14,"result":{},"sessionId":"768D055A1E18013891B145D656DF4446"}
09:31:06.961 [nioEventLoopGroup-2-1] DEBUG com.jayway.jsonpath.internal.path.CompiledPath - Evaluating path: $
09:31:06.962 [Test worker] DEBUG com.jayway.jsonpath.internal.path.CompiledPath - Evaluating path: $['modifiers']
09:31:06.962 [Test worker] DEBUG com.jayway.jsonpath.internal.path.CompiledPath - Evaluating path: $
09:31:06.962 [Test worker] DEBUG com.jayway.jsonpath.internal.path.CompiledPath - Evaluating path: $
09:31:06.962 [Test worker] DEBUG com.jayway.jsonpath.internal.JsonContext - Put path $ key modifiers value {}
09:31:06.962 [Test worker] DEBUG com.jayway.jsonpath.internal.path.CompiledPath - Evaluating path: $
09:31:06.963 [Test worker] DEBUG com.jayway.jsonpath.internal.JsonContext - Put path $ key modifiers value 0
09:31:06.963 [Test worker] DEBUG com.jayway.jsonpath.internal.path.CompiledPath - Evaluating path: $['type']
09:31:06.963 [Test worker] DEBUG com.jayway.jsonpath.internal.path.CompiledPath - Evaluating path: $
09:31:06.963 [Test worker] DEBUG com.jayway.jsonpath.internal.path.CompiledPath - Evaluating path: $
09:31:06.963 [Test worker] DEBUG com.jayway.jsonpath.internal.JsonContext - Put path $ key type value {}
09:31:06.963 [Test worker] DEBUG com.jayway.jsonpath.internal.path.CompiledPath - Evaluating path: $
09:31:06.964 [Test worker] DEBUG com.jayway.jsonpath.internal.JsonContext - Put path $ key type value rawKeyDown
09:31:06.964 [Test worker] DEBUG com.jayway.jsonpath.internal.path.CompiledPath - Evaluating path: $['text']
09:31:06.964 [Test worker] DEBUG com.jayway.jsonpath.internal.path.CompiledPath - Evaluating path: $
09:31:06.964 [Test worker] DEBUG com.jayway.jsonpath.internal.path.CompiledPath - Evaluating path: $
09:31:06.964 [Test worker] DEBUG com.jayway.jsonpath.internal.JsonContext - Put path $ key text value {}
09:31:06.965 [Test worker] DEBUG com.jayway.jsonpath.internal.path.CompiledPath - Evaluating path: $
09:31:06.966 [Test worker] DEBUG com.jayway.jsonpath.internal.JsonContext - Put path $ key text value u
09:31:06.972 [Test worker] DEBUG com.jayway.jsonpath.internal.path.CompiledPath - Evaluating path: $['windowsVirtualKeyCode']
09:31:06.972 [Test worker] DEBUG com.jayway.jsonpath.internal.path.CompiledPath - Evaluating path: $
09:31:06.973 [Test worker] DEBUG com.jayway.jsonpath.internal.path.CompiledPath - Evaluating path: $
09:31:06.973 [Test worker] DEBUG com.jayway.jsonpath.internal.JsonContext - Put path $ key windowsVirtualKeyCode value {}
09:31:06.973 [Test worker] DEBUG com.jayway.jsonpath.internal.path.CompiledPath - Evaluating path: $
09:31:06.973 [Test worker] DEBUG com.jayway.jsonpath.internal.JsonContext - Put path $ key windowsVirtualKeyCode value 117
09:31:06.973 [Test worker] DEBUG com.jayway.jsonpath.internal.path.CompiledPath - Evaluating path: $
09:31:06.973 [Test worker] DEBUG com.intuit.karate.driver.chrome_1689566462788 - >> {"id":15,"sessionId":"768D055A1E18013891B145D656DF4446","method":"Input.dispatchKeyEvent","params":{"modifiers":0,"type":"rawKeyDown","text":"u","windowsVirtualKeyCode":117}}
09:31:06.977 [nioEventLoopGroup-2-1] DEBUG com.intuit.karate.driver.chrome_1689566462788 - << {"id":15,"result":{},"sessionId":"768D055A1E18013891B145D656DF4446"}
09:31:06.977 [nioEventLoopGroup-2-1] DEBUG com.jayway.jsonpath.internal.path.CompiledPath - Evaluating path: $
09:31:06.977 [Test worker] DEBUG com.jayway.jsonpath.internal.path.CompiledPath - Evaluating path: $['modifiers']
09:31:06.977 [Test worker] DEBUG com.jayway.jsonpath.internal.path.CompiledPath - Evaluating path: $
09:31:06.977 [Test worker] DEBUG com.jayway.jsonpath.internal.path.CompiledPath - Evaluating path: $
09:31:06.978 [Test worker] DEBUG com.jayway.jsonpath.internal.JsonContext - Put path $ key modifiers value {}
09:31:06.978 [Test worker] DEBUG com.jayway.jsonpath.internal.path.CompiledPath - Evaluating path: $
09:31:06.978 [Test worker] DEBUG com.jayway.jsonpath.internal.JsonContext - Put path $ key modifiers value 0
09:31:06.978 [Test worker] DEBUG com.jayway.jsonpath.internal.path.CompiledPath - Evaluating path: $['type']
09:31:06.978 [Test worker] DEBUG com.jayway.jsonpath.internal.path.CompiledPath - Evaluating path: $
09:31:06.978 [Test worker] DEBUG com.jayway.jsonpath.internal.path.CompiledPath - Evaluating path: $
09:31:06.978 [Test worker] DEBUG com.jayway.jsonpath.internal.JsonContext - Put path $ key type value {}
09:31:06.978 [Test worker] DEBUG com.jayway.jsonpath.internal.path.CompiledPath - Evaluating path: $
09:31:06.978 [Test worker] DEBUG com.jayway.jsonpath.internal.JsonContext - Put path $ key type value char
09:31:06.978 [Test worker] DEBUG com.jayway.jsonpath.internal.path.CompiledPath - Evaluating path: $['text']
09:31:06.978 [Test worker] DEBUG com.jayway.jsonpath.internal.path.CompiledPath - Evaluating path: $
09:31:06.978 [Test worker] DEBUG com.jayway.jsonpath.internal.path.CompiledPath - Evaluating path: $
09:31:06.978 [Test worker] DEBUG com.jayway.jsonpath.internal.JsonContext - Put path $ key text value {}
09:31:06.978 [Test worker] DEBUG com.jayway.jsonpath.internal.path.CompiledPath - Evaluating path: $
09:31:06.978 [Test worker] DEBUG com.jayway.jsonpath.internal.JsonContext - Put path $ key text value u
09:31:06.978 [Test worker] DEBUG com.jayway.jsonpath.internal.path.CompiledPath - Evaluating path: $['windowsVirtualKeyCode']
09:31:06.978 [Test worker] DEBUG com.jayway.jsonpath.internal.path.CompiledPath - Evaluating path: $
09:31:06.978 [Test worker] DEBUG com.jayway.jsonpath.internal.path.CompiledPath - Evaluating path: $
09:31:06.978 [Test worker] DEBUG com.jayway.jsonpath.internal.JsonContext - Put path $ key windowsVirtualKeyCode value {}
09:31:06.978 [Test worker] DEBUG com.jayway.jsonpath.internal.path.CompiledPath - Evaluating path: $
09:31:06.978 [Test worker] DEBUG com.jayway.jsonpath.internal.JsonContext - Put path $ key windowsVirtualKeyCode value 117
09:31:06.978 [Test worker] DEBUG com.jayway.jsonpath.internal.path.CompiledPath - Evaluating path: $
09:31:06.979 [Test worker] DEBUG com.intuit.karate.driver.chrome_1689566462788 - >> {"id":16,"sessionId":"768D055A1E18013891B145D656DF4446","method":"Input.dispatchKeyEvent","params":{"modifiers":0,"type":"char","text":"u","windowsVirtualKeyCode":117}}
09:31:06.985 [nioEventLoopGroup-2-1] DEBUG com.intuit.karate.driver.chrome_1689566462788 - << {"id":16,"result":{},"sessionId":"768D055A1E18013891B145D656DF4446"}
09:31:06.985 [nioEventLoopGroup-2-1] DEBUG com.jayway.jsonpath.internal.path.CompiledPath - Evaluating path: $
09:31:06.986 [Test worker] DEBUG com.jayway.jsonpath.internal.path.CompiledPath - Evaluating path: $['modifiers']
09:31:06.986 [Test worker] DEBUG com.jayway.jsonpath.internal.path.CompiledPath - Evaluating path: $
09:31:06.986 [Test worker] DEBUG com.jayway.jsonpath.internal.path.CompiledPath - Evaluating path: $
09:31:06.986 [Test worker] DEBUG com.jayway.jsonpath.internal.JsonContext - Put path $ key modifiers value {}
09:31:06.986 [Test worker] DEBUG com.jayway.jsonpath.internal.path.CompiledPath - Evaluating path: $
09:31:06.987 [Test worker] DEBUG com.jayway.jsonpath.internal.JsonContext - Put path $ key modifiers value 0
09:31:06.987 [Test worker] DEBUG com.jayway.jsonpath.internal.path.CompiledPath - Evaluating path: $['type']
09:31:06.987 [Test worker] DEBUG com.jayway.jsonpath.internal.path.CompiledPath - Evaluating path: $
09:31:06.987 [Test worker] DEBUG com.jayway.jsonpath.internal.path.CompiledPath - Evaluating path: $
09:31:06.987 [Test worker] DEBUG com.jayway.jsonpath.internal.JsonContext - Put path $ key type value {}
09:31:06.987 [Test worker] DEBUG com.jayway.jsonpath.internal.path.CompiledPath - Evaluating path: $
09:31:06.987 [Test worker] DEBUG com.jayway.jsonpath.internal.JsonContext - Put path $ key type value keyUp
09:31:06.987 [Test worker] DEBUG com.jayway.jsonpath.internal.path.CompiledPath - Evaluating path: $['text']
09:31:06.987 [Test worker] DEBUG com.jayway.jsonpath.internal.path.CompiledPath - Evaluating path: $
09:31:06.987 [Test worker] DEBUG com.jayway.jsonpath.internal.path.CompiledPath - Evaluating path: $
09:31:06.987 [Test worker] DEBUG com.jayway.jsonpath.internal.JsonContext - Put path $ key text value {}
09:31:06.987 [Test worker] DEBUG com.jayway.jsonpath.internal.path.CompiledPath - Evaluating path: $
09:31:06.987 [Test worker] DEBUG com.jayway.jsonpath.internal.JsonContext - Put path $ key text value u
09:31:06.987 [Test worker] DEBUG com.jayway.jsonpath.internal.path.CompiledPath - Evaluating path: $['windowsVirtualKeyCode']
09:31:06.987 [Test worker] DEBUG com.jayway.jsonpath.internal.path.CompiledPath - Evaluating path: $
09:31:06.987 [Test worker] DEBUG com.jayway.jsonpath.internal.path.CompiledPath - Evaluating path: $
09:31:06.987 [Test worker] DEBUG com.jayway.jsonpath.internal.JsonContext - Put path $ key windowsVirtualKeyCode value {}
09:31:06.987 [Test worker] DEBUG com.jayway.jsonpath.internal.path.CompiledPath - Evaluating path: $
09:31:06.987 [Test worker] DEBUG com.jayway.jsonpath.internal.JsonContext - Put path $ key windowsVirtualKeyCode value 117
09:31:06.987 [Test worker] DEBUG com.jayway.jsonpath.internal.path.CompiledPath - Evaluating path: $
09:31:06.988 [Test worker] DEBUG com.intuit.karate.driver.chrome_1689566462788 - >> {"id":17,"sessionId":"768D055A1E18013891B145D656DF4446","method":"Input.dispatchKeyEvent","params":{"modifiers":0,"type":"keyUp","text":"u","windowsVirtualKeyCode":117}}
09:31:06.990 [nioEventLoopGroup-2-1] DEBUG com.intuit.karate.driver.chrome_1689566462788 - << {"id":17,"result":{},"sessionId":"768D055A1E18013891B145D656DF4446"}
09:31:06.990 [nioEventLoopGroup-2-1] DEBUG com.jayway.jsonpath.internal.path.CompiledPath - Evaluating path: $
09:31:07.000 [Test worker] DEBUG com.jayway.jsonpath.internal.path.CompiledPath - Evaluating path: $['modifiers']
09:31:07.001 [Test worker] DEBUG com.jayway.jsonpath.internal.path.CompiledPath - Evaluating path: $
09:31:07.006 [Test worker] DEBUG com.jayway.jsonpath.internal.path.CompiledPath - Evaluating path: $
09:31:07.006 [Test worker] DEBUG com.jayway.jsonpath.internal.JsonContext - Put path $ key modifiers value {}
09:31:07.006 [Test worker] DEBUG com.jayway.jsonpath.internal.path.CompiledPath - Evaluating path: $
09:31:07.006 [Test worker] DEBUG com.jayway.jsonpath.internal.JsonContext - Put path $ key modifiers value 0
09:31:07.006 [Test worker] DEBUG com.jayway.jsonpath.internal.path.CompiledPath - Evaluating path: $['type']
09:31:07.006 [Test worker] DEBUG com.jayway.jsonpath.internal.path.CompiledPath - Evaluating path: $
09:31:07.007 [Test worker] DEBUG com.jayway.jsonpath.internal.path.CompiledPath - Evaluating path: $
09:31:07.007 [Test worker] DEBUG com.jayway.jsonpath.internal.JsonContext - Put path $ key type value {}
09:31:07.007 [Test worker] DEBUG com.jayway.jsonpath.internal.path.CompiledPath - Evaluating path: $
09:31:07.007 [Test worker] DEBUG com.jayway.jsonpath.internal.JsonContext - Put path $ key type value rawKeyDown
09:31:07.007 [Test worker] DEBUG com.jayway.jsonpath.internal.path.CompiledPath - Evaluating path: $['text']
09:31:07.007 [Test worker] DEBUG com.jayway.jsonpath.internal.path.CompiledPath - Evaluating path: $
[...]
[THYMELEAF]             * [* {th:frameborder,data-th-frameborder}] [1000]: org.thymeleaf.standard.processor.StandardRemovableAttributeTagProcessor
[THYMELEAF]             * [* {th:archive,data-th-archive}] [1000]: org.thymeleaf.standard.processor.StandardRemovableAttributeTagProcessor
[THYMELEAF]             * [* {th:bgcolor,data-th-bgcolor}] [1000]: org.thymeleaf.standard.processor.StandardRemovableAttributeTagProcessor
[THYMELEAF]             * [* {th:autocomplete,data-th-autocomplete}] [1000]: org.thymeleaf.standard.processor.StandardRemovableAttributeTagProcessor
[THYMELEAF]             * [* {th:kind,data-th-kind}] [1000]: org.thymeleaf.standard.processor.StandardRemovableAttributeTagProcessor
[THYMELEAF]             * [* {th:lang,data-th-lang}] [1000]: org.thymeleaf.standard.processor.StandardRemovableAttributeTagProcessor
[THYMELEAF]             * [* {th:headers,data-th-headers}] [1000]: org.thymeleaf.standard.processor.StandardRemovableAttributeTagProcessor
[THYMELEAF]             * [* {th:label,data-th-label}] [1000]: org.thymeleaf.standard.processor.StandardRemovableAttributeTagProcessor
[THYMELEAF]             * [* {th:draggable,data-th-draggable}] [1000]: org.thymeleaf.standard.processor.StandardRemovableAttributeTagProcessor
[THYMELEAF]             * [* {th:keytype,data-th-keytype}] [1000]: org.thymeleaf.standard.processor.StandardRemovableAttributeTagProcessor
[THYMELEAF]             * [* {th:cols,data-th-cols}] [1000]: org.thymeleaf.standard.processor.StandardRemovableAttributeTagProcessor
[THYMELEAF]             * [* {th:sizes,data-th-sizes}] [1000]: org.thymeleaf.standard.processor.StandardRemovableAttributeTagProcessor
[THYMELEAF]             * [* {th:rev,data-th-rev}] [1000]: org.thymeleaf.standard.processor.StandardRemovableAttributeTagProcessor
[THYMELEAF]             * [* {th:rules,data-th-rules}] [1000]: org.thymeleaf.standard.processor.StandardRemovableAttributeTagProcessor
[THYMELEAF]             * [* {th:border,data-th-border}] [1000]: org.thymeleaf.standard.processor.StandardRemovableAttributeTagProcessor
[THYMELEAF]             * [* {th:sandbox,data-th-sandbox}] [1000]: org.thymeleaf.standard.processor.StandardRemovableAttributeTagProcessor
[THYMELEAF]             * [* {th:spellcheck,data-th-spellcheck}] [1000]: org.thymeleaf.standard.processor.StandardRemovableAttributeTagProcessor
[THYMELEAF]             * [* {th:preload,data-th-preload}] [1000]: org.thymeleaf.standard.processor.StandardRemovableAttributeTagProcessor
[THYMELEAF]             * [* {th:abbr,data-th-abbr}] [1000]: org.thymeleaf.standard.processor.StandardRemovableAttributeTagProcessor
[THYMELEAF]             * [* {th:cellspacing,data-th-cellspacing}] [1000]: org.thymeleaf.standard.processor.StandardRemovableAttributeTagProcessor
[THYMELEAF]             * [* {th:width,data-th-width}] [1000]: org.thymeleaf.standard.processor.StandardRemovableAttributeTagProcessor
[THYMELEAF]             * [* {th:manifest,data-th-manifest}] [1000]: org.thymeleaf.standard.processor.StandardRemovableAttributeTagProcessor
[THYMELEAF]             * [* {th:axis,data-th-axis}] [1000]: org.thymeleaf.standard.processor.StandardRemovableAttributeTagProcessor
[THYMELEAF]             * [* {th:optimum,data-th-optimum}] [1000]: org.thymeleaf.standard.processor.StandardRemovableAttributeTagProcessor
[THYMELEAF]             * [* {th:codetype,data-th-codetype}] [1000]: org.thymeleaf.standard.processor.StandardRemovableAttributeTagProcessor
[THYMELEAF]             * [* {th:longdesc,data-th-longdesc}] [1000]: org.thymeleaf.standard.processor.StandardRemovableAttributeTagProcessor
[THYMELEAF]             * [* {th:formmethod,data-th-formmethod}] [1000]: org.thymeleaf.standard.processor.StandardRemovableAttributeTagProcessor
[THYMELEAF]             * [* {th:placeholder,data-th-placeholder}] [1000]: org.thymeleaf.standard.processor.StandardRemovableAttributeTagProcessor
[THYMELEAF]             * [* {th:max,data-th-max}] [1000]: org.thymeleaf.standard.processor.StandardRemovableAttributeTagProcessor
[THYMELEAF]             * [* {th:formtarget,data-th-formtarget}] [1000]: org.thymeleaf.standard.processor.StandardRemovableAttributeTagProcessor
[THYMELEAF]             * [* {th:standby,data-th-standby}] [1000]: org.thymeleaf.standard.processor.StandardRemovableAttributeTagProcessor
[THYMELEAF]             * [* {th:wrap,data-th-wrap}] [1000]: org.thymeleaf.standard.processor.StandardRemovableAttributeTagProcessor
[THYMELEAF]             * [* {th:step,data-th-step}] [1000]: org.thymeleaf.standard.processor.StandardRemovableAttributeTagProcessor
[THYMELEAF]             * [* {th:poster,data-th-poster}] [1000]: org.thymeleaf.standard.processor.StandardRemovableAttributeTagProcessor
[THYMELEAF]             * [* {th:charset,data-th-charset}] [1000]: org.thymeleaf.standard.processor.StandardRemovableAttributeTagProcessor
[THYMELEAF]             * [* {th:cellpadding,data-th-cellpadding}] [1000]: org.thymeleaf.standard.processor.StandardRemovableAttributeTagProcessor
[THYMELEAF]             * [* {th:tabindex,data-th-tabindex}] [1000]: org.thymeleaf.standard.processor.StandardRemovableAttributeTagProcessor
[THYMELEAF]             * [* {th:src,data-th-src}] [1000]: org.thymeleaf.standard.processor.StandardSrcTagProcessor
[THYMELEAF]             * [* {th:value,data-th-value}] [1000]: org.thymeleaf.standard.processor.StandardValueTagProcessor
[THYMELEAF]             * [* {th:xmlbase,data-th-xmlbase}] [1000]: org.thymeleaf.standard.processor.StandardXmlBaseTagProcessor
[THYMELEAF]             * [* {th:xmllang,data-th-xmllang}] [1000]: org.thymeleaf.standard.processor.StandardXmlLangTagProcessor
[THYMELEAF]             * [* {xmlns:th}] [1000]: org.thymeleaf.standard.processor.StandardXmlNsTagProcessor
[THYMELEAF]             * [* {th:xmlspace,data-th-xmlspace}] [1000]: org.thymeleaf.standard.processor.StandardXmlSpaceTagProcessor
[THYMELEAF]             * [* {th:classappend,data-th-classappend}] [1100]: org.thymeleaf.standard.processor.StandardClassappendTagProcessor
[THYMELEAF]             * [* {th:styleappend,data-th-styleappend}] [1100]: org.thymeleaf.standard.processor.StandardStyleappendTagProcessor
[THYMELEAF]             * [* {th:text,data-th-text}] [1300]: org.thymeleaf.standard.processor.StandardTextTagProcessor
[THYMELEAF]             * [* {th:utext,data-th-utext}] [1400]: org.thymeleaf.standard.processor.StandardUtextTagProcessor
[THYMELEAF]             * [* {th:fragment,data-th-fragment}] [1500]: org.thymeleaf.standard.processor.StandardFragmentTagProcessor
[THYMELEAF]             * [* {th:assert,data-th-assert}] [1550]: org.thymeleaf.standard.processor.StandardAssertTagProcessor
[THYMELEAF]             * [* {th:remove,data-th-remove}] [1600]: org.thymeleaf.standard.processor.StandardRemoveTagProcessor
[THYMELEAF]             * [* {th:ref,data-th-ref}] [10000]: org.thymeleaf.standard.processor.StandardRefAttributeTagProcessor
[THYMELEAF]             * [{th:block,th-block} *] [100000]: org.thymeleaf.standard.processor.StandardBlockTagProcessor
[THYMELEAF]             * [* th:*] [2147483647]: org.thymeleaf.standard.processor.StandardDefaultAttributesTagProcessor
[THYMELEAF]         * Text Processors by [precedence]:
[THYMELEAF]             * [1000]: org.thymeleaf.standard.processor.StandardInliningTextProcessor
[THYMELEAF]         * DOCTYPE Processors by [precedence]:
[THYMELEAF]             * [1000]: org.thymeleaf.standard.processor.StandardTranslationDocTypeProcessor
[THYMELEAF]         * CDATA Section Processors by [precedence]:
[THYMELEAF]             * [1000]: org.thymeleaf.standard.processor.StandardInliningCDATASectionProcessor
[THYMELEAF]         * Comment Processors by [precedence]:
[THYMELEAF]             * [1000]: org.thymeleaf.standard.processor.StandardInliningCommentProcessor
[THYMELEAF]             * [1100]: org.thymeleaf.standard.processor.StandardConditionalCommentProcessor
[THYMELEAF]     * Processors for Template Mode: XML
[THYMELEAF]         * Element Tag Processors by [matching element and attribute name] [precedence]:
[THYMELEAF]             * [* {th:include}] [100]: org.thymeleaf.standard.processor.StandardIncludeTagProcessor
[THYMELEAF]             * [* {th:insert}] [100]: org.thymeleaf.standard.processor.StandardInsertTagProcessor
[THYMELEAF]             * [* {th:replace}] [100]: org.thymeleaf.standard.processor.StandardReplaceTagProcessor
[THYMELEAF]             * [* {th:substituteby}] [100]: org.thymeleaf.standard.processor.StandardSubstituteByTagProcessor
[THYMELEAF]             * [* {th:each}] [200]: com.intuit.karate.template.KarateEachTagProcessor
[THYMELEAF]             * [* {th:switch}] [250]: org.thymeleaf.standard.processor.StandardSwitchTagProcessor
[THYMELEAF]             * [* {th:case}] [275]: org.thymeleaf.standard.processor.StandardCaseTagProcessor
[THYMELEAF]             * [* {th:if}] [300]: org.thymeleaf.standard.processor.StandardIfTagProcessor
[THYMELEAF]             * [* {th:unless}] [400]: org.thymeleaf.standard.processor.StandardUnlessTagProcessor
[THYMELEAF]             * [* {th:object}] [500]: org.thymeleaf.standard.processor.StandardObjectTagProcessor
[THYMELEAF]             * [* {th:with}] [600]: com.intuit.karate.template.KarateWithTagProcessor
[THYMELEAF]             * [* {th:attr}] [700]: com.intuit.karate.template.KarateAttributeTagProcessor.KarateAttrTagProcessor
[THYMELEAF]             * [* {th:attrappend}] [900]: com.intuit.karate.template.KarateAttributeTagProcessor.KarateAttrappendTagProcessor
[THYMELEAF]             * [* {th:attrprepend}] [900]: com.intuit.karate.template.KarateAttributeTagProcessor.KarateAttrprependTagProcessor
[THYMELEAF]             * [* {th:inline}] [1000]: org.thymeleaf.standard.processor.StandardInlineXMLTagProcessor
[THYMELEAF]             * [* {xmlns:th}] [1000]: org.thymeleaf.standard.processor.StandardXmlNsTagProcessor
[THYMELEAF]             * [* {th:text}] [1300]: org.thymeleaf.standard.processor.StandardTextTagProcessor
[THYMELEAF]             * [* {th:utext}] [1400]: org.thymeleaf.standard.processor.StandardUtextTagProcessor
[THYMELEAF]             * [* {th:fragment}] [1500]: org.thymeleaf.standard.processor.StandardFragmentTagProcessor
[THYMELEAF]             * [* {th:assert}] [1550]: org.thymeleaf.standard.processor.StandardAssertTagProcessor
[THYMELEAF]             * [* {th:remove}] [1600]: org.thymeleaf.standard.processor.StandardRemoveTagProcessor
[THYMELEAF]             * [* {th:ref}] [10000]: org.thymeleaf.standard.processor.StandardRefAttributeTagProcessor
[THYMELEAF]             * [{th:block} *] [100000]: org.thymeleaf.standard.processor.StandardBlockTagProcessor
[THYMELEAF]             * [* th:*] [2147483647]: org.thymeleaf.standard.processor.StandardDefaultAttributesTagProcessor
[THYMELEAF]         * Text Processors by [precedence]:
[THYMELEAF]             * [1000]: org.thymeleaf.standard.processor.StandardInliningTextProcessor
[THYMELEAF]         * CDATA Section Processors by [precedence]:
[THYMELEAF]             * [1000]: org.thymeleaf.standard.processor.StandardInliningCDATASectionProcessor
[THYMELEAF]         * Comment Processors by [precedence]:
[THYMELEAF]             * [1000]: org.thymeleaf.standard.processor.StandardInliningCommentProcessor
[THYMELEAF]     * Processors for Template Mode: TEXT
[THYMELEAF]         * Element Tag Processors by [matching element and attribute name] [precedence]:
[THYMELEAF]             * [* {th:insert}] [100]: org.thymeleaf.standard.processor.StandardInsertTagProcessor
[THYMELEAF]             * [* {th:replace}] [100]: org.thymeleaf.standard.processor.StandardReplaceTagProcessor
[THYMELEAF]             * [* {th:each}] [200]: com.intuit.karate.template.KarateEachTagProcessor
[THYMELEAF]             * [* {th:switch}] [250]: org.thymeleaf.standard.processor.StandardSwitchTagProcessor
[THYMELEAF]             * [* {th:case}] [275]: org.thymeleaf.standard.processor.StandardCaseTagProcessor
[THYMELEAF]             * [* {th:if}] [300]: org.thymeleaf.standard.processor.StandardIfTagProcessor
[THYMELEAF]             * [* {th:unless}] [400]: org.thymeleaf.standard.processor.StandardUnlessTagProcessor
[THYMELEAF]             * [* {th:object}] [500]: org.thymeleaf.standard.processor.StandardObjectTagProcessor
[THYMELEAF]             * [* {th:with}] [600]: com.intuit.karate.template.KarateWithTagProcessor
[THYMELEAF]             * [* {th:inline}] [1000]: org.thymeleaf.standard.processor.StandardInlineTextualTagProcessor
[THYMELEAF]             * [* {th:text}] [1300]: org.thymeleaf.standard.processor.StandardTextTagProcessor
[THYMELEAF]             * [* {th:utext}] [1400]: org.thymeleaf.standard.processor.StandardUtextTagProcessor
[THYMELEAF]             * [* {th:assert}] [1550]: org.thymeleaf.standard.processor.StandardAssertTagProcessor
[THYMELEAF]             * [* {th:remove}] [1600]: org.thymeleaf.standard.processor.StandardRemoveTagProcessor
[THYMELEAF]             * [* 100000] [org.thymeleaf.standard.processor.StandardBlockTagProcessor]: {}
[THYMELEAF]             * [{th:block} *] [100000]: org.thymeleaf.standard.processor.StandardBlockTagProcessor
[THYMELEAF]         * Text Processors by [precedence]:
[THYMELEAF]             * [1000]: org.thymeleaf.standard.processor.StandardInliningTextProcessor
[THYMELEAF]     * Processors for Template Mode: JAVASCRIPT
[THYMELEAF]         * Element Tag Processors by [matching element and attribute name] [precedence]:
[THYMELEAF]             * [* {th:insert}] [100]: org.thymeleaf.standard.processor.StandardInsertTagProcessor
[THYMELEAF]             * [* {th:replace}] [100]: org.thymeleaf.standard.processor.StandardReplaceTagProcessor
[THYMELEAF]             * [* {th:each}] [200]: com.intuit.karate.template.KarateEachTagProcessor
[THYMELEAF]             * [* {th:switch}] [250]: org.thymeleaf.standard.processor.StandardSwitchTagProcessor
[THYMELEAF]             * [* {th:case}] [275]: org.thymeleaf.standard.processor.StandardCaseTagProcessor
[THYMELEAF]             * [* {th:if}] [300]: org.thymeleaf.standard.processor.StandardIfTagProcessor
[THYMELEAF]             * [* {th:unless}] [400]: org.thymeleaf.standard.processor.StandardUnlessTagProcessor
[THYMELEAF]             * [* {th:object}] [500]: org.thymeleaf.standard.processor.StandardObjectTagProcessor
[THYMELEAF]             * [* {th:with}] [600]: com.intuit.karate.template.KarateWithTagProcessor
[THYMELEAF]             * [* {th:inline}] [1000]: org.thymeleaf.standard.processor.StandardInlineTextualTagProcessor
[THYMELEAF]             * [* {th:text}] [1300]: org.thymeleaf.standard.processor.StandardTextTagProcessor
[THYMELEAF]             * [* {th:utext}] [1400]: org.thymeleaf.standard.processor.StandardUtextTagProcessor
[THYMELEAF]             * [* {th:assert}] [1550]: org.thymeleaf.standard.processor.StandardAssertTagProcessor
[THYMELEAF]             * [* {th:remove}] [1600]: org.thymeleaf.standard.processor.StandardRemoveTagProcessor
[THYMELEAF]             * [{th:block} *] [100000]: org.thymeleaf.standard.processor.StandardBlockTagProcessor
[THYMELEAF]             * [* 100000] [org.thymeleaf.standard.processor.StandardBlockTagProcessor]: {}
[THYMELEAF]         * Text Processors by [precedence]:
[THYMELEAF]             * [1000]: org.thymeleaf.standard.processor.StandardInliningTextProcessor
[THYMELEAF]     * Processors for Template Mode: CSS
[THYMELEAF]         * Element Tag Processors by [matching element and attribute name] [precedence]:
[THYMELEAF]             * [* {th:insert}] [100]: org.thymeleaf.standard.processor.StandardInsertTagProcessor
[THYMELEAF]             * [* {th:replace}] [100]: org.thymeleaf.standard.processor.StandardReplaceTagProcessor
[THYMELEAF]             * [* {th:each}] [200]: com.intuit.karate.template.KarateEachTagProcessor
[THYMELEAF]             * [* {th:switch}] [250]: org.thymeleaf.standard.processor.StandardSwitchTagProcessor
[THYMELEAF]             * [* {th:case}] [275]: org.thymeleaf.standard.processor.StandardCaseTagProcessor
[THYMELEAF]             * [* {th:if}] [300]: org.thymeleaf.standard.processor.StandardIfTagProcessor
[THYMELEAF]             * [* {th:unless}] [400]: org.thymeleaf.standard.processor.StandardUnlessTagProcessor
[THYMELEAF]             * [* {th:object}] [500]: org.thymeleaf.standard.processor.StandardObjectTagProcessor
[THYMELEAF]             * [* {th:with}] [600]: com.intuit.karate.template.KarateWithTagProcessor
[THYMELEAF]             * [* {th:inline}] [1000]: org.thymeleaf.standard.processor.StandardInlineTextualTagProcessor
[THYMELEAF]             * [* {th:text}] [1300]: org.thymeleaf.standard.processor.StandardTextTagProcessor
[THYMELEAF]             * [* {th:utext}] [1400]: org.thymeleaf.standard.processor.StandardUtextTagProcessor
[THYMELEAF]             * [* {th:assert}] [1550]: org.thymeleaf.standard.processor.StandardAssertTagProcessor
[THYMELEAF]             * [* {th:remove}] [1600]: org.thymeleaf.standard.processor.StandardRemoveTagProcessor
[THYMELEAF]             * [{th:block} *] [100000]: org.thymeleaf.standard.processor.StandardBlockTagProcessor
[THYMELEAF]             * [* 100000] [org.thymeleaf.standard.processor.StandardBlockTagProcessor]: {}
[THYMELEAF]         * Text Processors by [precedence]:
[THYMELEAF]             * [1000]: org.thymeleaf.standard.processor.StandardInliningTextProcessor
[THYMELEAF]     * Expression Objects:
[THYMELEAF]         * #ctx
[THYMELEAF]         * #root
[THYMELEAF]         * #vars
[THYMELEAF]         * #object
[THYMELEAF]         * #locale
[THYMELEAF]         * #request
[THYMELEAF]         * #response
[THYMELEAF]         * #session
[THYMELEAF]         * #servletContext
[THYMELEAF]         * #conversions
[THYMELEAF]         * #uris
[THYMELEAF]         * #calendars
[THYMELEAF]         * #dates
[THYMELEAF]         * #bools
[THYMELEAF]         * #numbers
[THYMELEAF]         * #objects
[THYMELEAF]         * #strings
[THYMELEAF]         * #arrays
[THYMELEAF]         * #lists
[THYMELEAF]         * #sets
[THYMELEAF]         * #maps
[THYMELEAF]         * #aggregates
[THYMELEAF]         * #messages
[THYMELEAF]         * #ids
[THYMELEAF]         * #execInfo
[THYMELEAF]         * #httpServletRequest
[THYMELEAF]         * #httpSession
[THYMELEAF]     * Execution Attributes:
[THYMELEAF]         * "StandardExpressionParser": com.intuit.karate.template.KarateStandardDialect@34e07e65
[THYMELEAF]         * "StandardJavaScriptSerializer": org.thymeleaf.standard.serializer.StandardJavaScriptSerializer@4dd752e8
[THYMELEAF]         * "StandardCSSSerializer": org.thymeleaf.standard.serializer.StandardCSSSerializer@62c46e53
[THYMELEAF]         * "StandardVariableExpressionEvaluator": com.intuit.karate.template.KarateStandardDialect@34e07e65
[THYMELEAF]         * "StandardConversionService": org.thymeleaf.standard.expression.StandardConversionService@55317c63
[THYMELEAF] * Dialect [2 of 2]: karate (com.intuit.karate.template.KarateScriptDialect)
[THYMELEAF]     * Prefix: "ka"
[THYMELEAF]     * Processors for Template Mode: HTML
[THYMELEAF]         * Element Tag Processors by [matching element and attribute name] [precedence]:
[THYMELEAF]             * [* {src}] [1000]: com.intuit.karate.template.KaScriptAttrProcessor
[THYMELEAF]         * Element Model Processors by [matching element and attribute name] [precedence]:
[THYMELEAF]             * [{script} {ka:scope,data-ka-scope}] [1000]: com.intuit.karate.template.KaScriptElemProcessor
[THYMELEAF]             * [* {ka:set,data-ka-set}] [1000]: com.intuit.karate.template.KaSetElemProcessor
[THYMELEAF] TEMPLATE ENGINE CONFIGURED OK
09:31:20.535 [Test worker] DEBUG org.thymeleaf.TemplateEngine - [THYMELEAF] TEMPLATE ENGINE INITIALIZED

HTML report: (paste into browser to view) | Karate version: 1.4.0
file:///C:/Intellij%20projects/git-actions/build/karate-reports/karate-summary.html
===================================================================

]]></system-out>
  <system-err><![CDATA[]]></system-err>
</testsuite>
